{"/Users/mjoubert/red_tetris/src/client/App.js": {"path":"/Users/mjoubert/red_tetris/src/client/App.js","statementMap":{"0":{"start":{"line":10,"column":18},"end":{"line":17,"column":1}},"1":{"start":{"line":19,"column":13},"end":{"line":25,"column":1}},"2":{"start":{"line":27,"column":16},"end":{"line":34,"column":1}},"3":{"start":{"line":36,"column":12},"end":{"line":116,"column":1}},"4":{"start":{"line":37,"column":19},"end":{"line":37,"column":32}},"5":{"start":{"line":38,"column":15},"end":{"line":38,"column":47}},"6":{"start":{"line":38,"column":36},"end":{"line":38,"column":46}},"7":{"start":{"line":39,"column":16},"end":{"line":39,"column":26}},"8":{"start":{"line":41,"column":18},"end":{"line":43,"column":3}},"9":{"start":{"line":42,"column":4},"end":{"line":42,"column":36}},"10":{"start":{"line":45,"column":22},"end":{"line":47,"column":3}},"11":{"start":{"line":46,"column":4},"end":{"line":46,"column":46}},"12":{"start":{"line":49,"column":22},"end":{"line":51,"column":3}},"13":{"start":{"line":50,"column":4},"end":{"line":50,"column":44}},"14":{"start":{"line":53,"column":20},"end":{"line":55,"column":3}},"15":{"start":{"line":54,"column":4},"end":{"line":54,"column":119}},"16":{"start":{"line":57,"column":2},"end":{"line":83,"column":19}},"17":{"start":{"line":59,"column":18},"end":{"line":59,"column":34}},"18":{"start":{"line":60,"column":6},"end":{"line":77,"column":7}},"19":{"start":{"line":61,"column":8},"end":{"line":76,"column":9}},"20":{"start":{"line":63,"column":12},"end":{"line":67,"column":13}},"21":{"start":{"line":64,"column":14},"end":{"line":64,"column":50}},"22":{"start":{"line":65,"column":19},"end":{"line":67,"column":13}},"23":{"start":{"line":66,"column":14},"end":{"line":66,"column":48}},"24":{"start":{"line":68,"column":12},"end":{"line":68,"column":18}},"25":{"start":{"line":71,"column":14},"end":{"line":71,"column":56}},"26":{"start":{"line":71,"column":40},"end":{"line":71,"column":56}},"27":{"start":{"line":72,"column":14},"end":{"line":72,"column":20}},"28":{"start":{"line":74,"column":14},"end":{"line":74,"column":56}},"29":{"start":{"line":74,"column":40},"end":{"line":74,"column":56}},"30":{"start":{"line":75,"column":14},"end":{"line":75,"column":20}},"31":{"start":{"line":79,"column":4},"end":{"line":79,"column":56}},"32":{"start":{"line":80,"column":4},"end":{"line":82,"column":5}},"33":{"start":{"line":81,"column":6},"end":{"line":81,"column":61}},"34":{"start":{"line":85,"column":2},"end":{"line":96,"column":8}},"35":{"start":{"line":86,"column":4},"end":{"line":88,"column":5}},"36":{"start":{"line":87,"column":6},"end":{"line":87,"column":39}},"37":{"start":{"line":89,"column":4},"end":{"line":89,"column":81}},"38":{"start":{"line":89,"column":39},"end":{"line":89,"column":80}},"39":{"start":{"line":90,"column":4},"end":{"line":90,"column":80}},"40":{"start":{"line":90,"column":38},"end":{"line":90,"column":79}},"41":{"start":{"line":91,"column":4},"end":{"line":91,"column":70}},"42":{"start":{"line":91,"column":35},"end":{"line":91,"column":69}},"43":{"start":{"line":92,"column":4},"end":{"line":92,"column":71}},"44":{"start":{"line":92,"column":34},"end":{"line":92,"column":70}},"45":{"start":{"line":93,"column":4},"end":{"line":93,"column":70}},"46":{"start":{"line":93,"column":33},"end":{"line":93,"column":69}},"47":{"start":{"line":94,"column":4},"end":{"line":94,"column":68}},"48":{"start":{"line":94,"column":34},"end":{"line":94,"column":67}},"49":{"start":{"line":95,"column":4},"end":{"line":95,"column":74}},"50":{"start":{"line":95,"column":37},"end":{"line":95,"column":73}},"51":{"start":{"line":98,"column":2},"end":{"line":115,"column":3}}},"fnMap":{"0":{"name":"(anonymous_0)","decl":{"start":{"line":36,"column":12},"end":{"line":36,"column":13}},"loc":{"start":{"line":36,"column":26},"end":{"line":116,"column":1}},"line":36},"1":{"name":"(anonymous_1)","decl":{"start":{"line":38,"column":27},"end":{"line":38,"column":28}},"loc":{"start":{"line":38,"column":36},"end":{"line":38,"column":46}},"line":38},"2":{"name":"(anonymous_2)","decl":{"start":{"line":41,"column":18},"end":{"line":41,"column":19}},"loc":{"start":{"line":41,"column":25},"end":{"line":43,"column":3}},"line":41},"3":{"name":"(anonymous_3)","decl":{"start":{"line":45,"column":22},"end":{"line":45,"column":23}},"loc":{"start":{"line":45,"column":33},"end":{"line":47,"column":3}},"line":45},"4":{"name":"(anonymous_4)","decl":{"start":{"line":49,"column":22},"end":{"line":49,"column":23}},"loc":{"start":{"line":49,"column":31},"end":{"line":51,"column":3}},"line":49},"5":{"name":"(anonymous_5)","decl":{"start":{"line":53,"column":20},"end":{"line":53,"column":21}},"loc":{"start":{"line":53,"column":37},"end":{"line":55,"column":3}},"line":53},"6":{"name":"(anonymous_6)","decl":{"start":{"line":57,"column":12},"end":{"line":57,"column":13}},"loc":{"start":{"line":57,"column":18},"end":{"line":83,"column":3}},"line":57},"7":{"name":"handlekeyupEvent","decl":{"start":{"line":58,"column":13},"end":{"line":58,"column":29}},"loc":{"start":{"line":58,"column":38},"end":{"line":78,"column":5}},"line":58},"8":{"name":"(anonymous_8)","decl":{"start":{"line":80,"column":11},"end":{"line":80,"column":12}},"loc":{"start":{"line":80,"column":17},"end":{"line":82,"column":5}},"line":80},"9":{"name":"(anonymous_9)","decl":{"start":{"line":85,"column":12},"end":{"line":85,"column":13}},"loc":{"start":{"line":85,"column":18},"end":{"line":96,"column":3}},"line":85},"10":{"name":"(anonymous_10)","decl":{"start":{"line":89,"column":24},"end":{"line":89,"column":25}},"loc":{"start":{"line":89,"column":39},"end":{"line":89,"column":80}},"line":89},"11":{"name":"(anonymous_11)","decl":{"start":{"line":90,"column":23},"end":{"line":90,"column":24}},"loc":{"start":{"line":90,"column":38},"end":{"line":90,"column":79}},"line":90},"12":{"name":"(anonymous_12)","decl":{"start":{"line":91,"column":25},"end":{"line":91,"column":26}},"loc":{"start":{"line":91,"column":35},"end":{"line":91,"column":69}},"line":91},"13":{"name":"(anonymous_13)","decl":{"start":{"line":92,"column":23},"end":{"line":92,"column":24}},"loc":{"start":{"line":92,"column":34},"end":{"line":92,"column":70}},"line":92},"14":{"name":"(anonymous_14)","decl":{"start":{"line":93,"column":21},"end":{"line":93,"column":22}},"loc":{"start":{"line":93,"column":33},"end":{"line":93,"column":69}},"line":93},"15":{"name":"(anonymous_15)","decl":{"start":{"line":94,"column":23},"end":{"line":94,"column":24}},"loc":{"start":{"line":94,"column":34},"end":{"line":94,"column":67}},"line":94},"16":{"name":"(anonymous_16)","decl":{"start":{"line":95,"column":25},"end":{"line":95,"column":26}},"loc":{"start":{"line":95,"column":37},"end":{"line":95,"column":73}},"line":95}},"branchMap":{"0":{"loc":{"start":{"line":60,"column":6},"end":{"line":77,"column":7}},"type":"if","locations":[{"start":{"line":60,"column":6},"end":{"line":77,"column":7}},{"start":{"line":60,"column":6},"end":{"line":77,"column":7}}],"line":60},"1":{"loc":{"start":{"line":60,"column":10},"end":{"line":60,"column":45}},"type":"binary-expr","locations":[{"start":{"line":60,"column":10},"end":{"line":60,"column":27}},{"start":{"line":60,"column":31},"end":{"line":60,"column":45}}],"line":60},"2":{"loc":{"start":{"line":61,"column":8},"end":{"line":76,"column":9}},"type":"switch","locations":[{"start":{"line":62,"column":10},"end":{"line":69,"column":11}},{"start":{"line":70,"column":10},"end":{"line":72,"column":20}},{"start":{"line":73,"column":10},"end":{"line":75,"column":20}}],"line":61},"3":{"loc":{"start":{"line":63,"column":12},"end":{"line":67,"column":13}},"type":"if","locations":[{"start":{"line":63,"column":12},"end":{"line":67,"column":13}},{"start":{"line":63,"column":12},"end":{"line":67,"column":13}}],"line":63},"4":{"loc":{"start":{"line":65,"column":19},"end":{"line":67,"column":13}},"type":"if","locations":[{"start":{"line":65,"column":19},"end":{"line":67,"column":13}},{"start":{"line":65,"column":19},"end":{"line":67,"column":13}}],"line":65},"5":{"loc":{"start":{"line":71,"column":14},"end":{"line":71,"column":56}},"type":"if","locations":[{"start":{"line":71,"column":14},"end":{"line":71,"column":56}},{"start":{"line":71,"column":14},"end":{"line":71,"column":56}}],"line":71},"6":{"loc":{"start":{"line":74,"column":14},"end":{"line":74,"column":56}},"type":"if","locations":[{"start":{"line":74,"column":14},"end":{"line":74,"column":56}},{"start":{"line":74,"column":14},"end":{"line":74,"column":56}}],"line":74},"7":{"loc":{"start":{"line":86,"column":4},"end":{"line":88,"column":5}},"type":"if","locations":[{"start":{"line":86,"column":4},"end":{"line":88,"column":5}},{"start":{"line":86,"column":4},"end":{"line":88,"column":5}}],"line":86},"8":{"loc":{"start":{"line":103,"column":11},"end":{"line":110,"column":51}},"type":"cond-expr","locations":[{"start":{"line":104,"column":14},"end":{"line":109,"column":47}},{"start":{"line":110,"column":17},"end":{"line":110,"column":51}}],"line":103},"9":{"loc":{"start":{"line":103,"column":11},"end":{"line":103,"column":36}},"type":"binary-expr","locations":[{"start":{"line":103,"column":11},"end":{"line":103,"column":21}},{"start":{"line":103,"column":25},"end":{"line":103,"column":36}}],"line":103},"10":{"loc":{"start":{"line":113,"column":9},"end":{"line":113,"column":64}},"type":"cond-expr","locations":[{"start":{"line":113,"column":24},"end":{"line":113,"column":57}},{"start":{"line":113,"column":60},"end":{"line":113,"column":64}}],"line":113}},"s":{"0":1,"1":1,"2":1,"3":1,"4":1,"5":1,"6":2,"7":1,"8":1,"9":0,"10":1,"11":0,"12":1,"13":0,"14":1,"15":0,"16":1,"17":0,"18":0,"19":0,"20":0,"21":0,"22":0,"23":0,"24":0,"25":0,"26":0,"27":0,"28":0,"29":0,"30":0,"31":1,"32":1,"33":1,"34":1,"35":1,"36":1,"37":1,"38":0,"39":1,"40":0,"41":1,"42":0,"43":1,"44":0,"45":1,"46":0,"47":1,"48":0,"49":1,"50":0,"51":1},"f":{"0":1,"1":2,"2":0,"3":0,"4":0,"5":0,"6":1,"7":0,"8":1,"9":1,"10":0,"11":0,"12":0,"13":0,"14":0,"15":0,"16":0},"b":{"0":[0,0],"1":[0,0],"2":[0,0,0],"3":[0,0],"4":[0,0],"5":[0,0],"6":[0,0],"7":[1,0],"8":[0,1],"9":[1,0],"10":[0,1]},"_coverageSchema":"43e27e138ebf9cfc5966b082cf9a028302ed4184","hash":"bc415f1ad1039c286b79964ec67281b7ec115cd4"}
,"/Users/mjoubert/red_tetris/src/client/gameHelper.js": {"path":"/Users/mjoubert/red_tetris/src/client/gameHelper.js","statementMap":{"0":{"start":{"line":1,"column":21},"end":{"line":1,"column":23}},"1":{"start":{"line":2,"column":22},"end":{"line":2,"column":24}},"2":{"start":{"line":4,"column":27},"end":{"line":5,"column":68}},"3":{"start":{"line":5,"column":4},"end":{"line":5,"column":68}},"4":{"start":{"line":5,"column":36},"end":{"line":5,"column":67}},"5":{"start":{"line":7,"column":34},"end":{"line":8,"column":63}},"6":{"start":{"line":8,"column":4},"end":{"line":8,"column":63}},"7":{"start":{"line":8,"column":31},"end":{"line":8,"column":62}},"8":{"start":{"line":10,"column":30},"end":{"line":33,"column":1}},"9":{"start":{"line":12,"column":2},"end":{"line":30,"column":3}},"10":{"start":{"line":12,"column":15},"end":{"line":12,"column":16}},"11":{"start":{"line":13,"column":4},"end":{"line":29,"column":5}},"12":{"start":{"line":13,"column":17},"end":{"line":13,"column":18}},"13":{"start":{"line":15,"column":6},"end":{"line":28,"column":7}},"14":{"start":{"line":16,"column":8},"end":{"line":27,"column":9}},"15":{"start":{"line":26,"column":10},"end":{"line":26,"column":22}},"16":{"start":{"line":32,"column":2},"end":{"line":32,"column":15}}},"fnMap":{"0":{"name":"(anonymous_0)","decl":{"start":{"line":4,"column":27},"end":{"line":4,"column":28}},"loc":{"start":{"line":5,"column":4},"end":{"line":5,"column":68}},"line":5},"1":{"name":"(anonymous_1)","decl":{"start":{"line":5,"column":30},"end":{"line":5,"column":31}},"loc":{"start":{"line":5,"column":36},"end":{"line":5,"column":67}},"line":5},"2":{"name":"(anonymous_2)","decl":{"start":{"line":7,"column":34},"end":{"line":7,"column":35}},"loc":{"start":{"line":8,"column":4},"end":{"line":8,"column":63}},"line":8},"3":{"name":"(anonymous_3)","decl":{"start":{"line":8,"column":25},"end":{"line":8,"column":26}},"loc":{"start":{"line":8,"column":31},"end":{"line":8,"column":62}},"line":8},"4":{"name":"(anonymous_4)","decl":{"start":{"line":10,"column":30},"end":{"line":10,"column":31}},"loc":{"start":{"line":10,"column":73},"end":{"line":33,"column":1}},"line":10}},"branchMap":{"0":{"loc":{"start":{"line":15,"column":6},"end":{"line":28,"column":7}},"type":"if","locations":[{"start":{"line":15,"column":6},"end":{"line":28,"column":7}},{"start":{"line":15,"column":6},"end":{"line":28,"column":7}}],"line":15},"1":{"loc":{"start":{"line":16,"column":8},"end":{"line":27,"column":9}},"type":"if","locations":[{"start":{"line":16,"column":8},"end":{"line":27,"column":9}},{"start":{"line":16,"column":8},"end":{"line":27,"column":9}}],"line":16},"2":{"loc":{"start":{"line":19,"column":10},"end":{"line":24,"column":19}},"type":"binary-expr","locations":[{"start":{"line":19,"column":10},"end":{"line":19,"column":42}},{"start":{"line":21,"column":10},"end":{"line":21,"column":68}},{"start":{"line":23,"column":10},"end":{"line":24,"column":19}}],"line":19}},"s":{"0":6,"1":6,"2":6,"3":2,"4":40,"5":6,"6":4,"7":16,"8":6,"9":0,"10":0,"11":0,"12":0,"13":0,"14":0,"15":0,"16":0},"f":{"0":2,"1":40,"2":4,"3":16,"4":0},"b":{"0":[0,0],"1":[0,0],"2":[0,0,0]},"_coverageSchema":"43e27e138ebf9cfc5966b082cf9a028302ed4184","hash":"5fa7273052f522a5d5b07c21a782f387ca904984"}
,"/Users/mjoubert/red_tetris/src/client/index.js": {"path":"/Users/mjoubert/red_tetris/src/client/index.js","statementMap":{"0":{"start":{"line":12,"column":21},"end":{"line":12,"column":23}},"1":{"start":{"line":14,"column":19},"end":{"line":18,"column":1}},"2":{"start":{"line":20,"column":14},"end":{"line":24,"column":1}},"3":{"start":{"line":26,"column":15},"end":{"line":28,"column":2}},"4":{"start":{"line":30,"column":0},"end":{"line":34,"column":36}}},"fnMap":{},"branchMap":{},"s":{"0":0,"1":0,"2":0,"3":0,"4":0},"f":{},"b":{},"hash":"12ad7eeac8c0c956361a4fc19891bfef0b6fe150"}
,"/Users/mjoubert/red_tetris/src/client/actions/alert.js": {"path":"/Users/mjoubert/red_tetris/src/client/actions/alert.js","statementMap":{"0":{"start":{"line":1,"column":25},"end":{"line":1,"column":36}},"1":{"start":{"line":3,"column":21},"end":{"line":8,"column":1}},"2":{"start":{"line":4,"column":2},"end":{"line":7,"column":3}}},"fnMap":{"0":{"name":"(anonymous_0)","decl":{"start":{"line":3,"column":21},"end":{"line":3,"column":22}},"loc":{"start":{"line":3,"column":34},"end":{"line":8,"column":1}},"line":3}},"branchMap":{},"s":{"0":1,"1":1,"2":0},"f":{"0":0},"b":{},"_coverageSchema":"43e27e138ebf9cfc5966b082cf9a028302ed4184","hash":"724e0c50632d6173b13e86491ecb464cbf90a803"}
,"/Users/mjoubert/red_tetris/src/client/actions/game.js": {"path":"/Users/mjoubert/red_tetris/src/client/actions/game.js","statementMap":{"0":{"start":{"line":1,"column":19},"end":{"line":1,"column":24}},"1":{"start":{"line":2,"column":21},"end":{"line":2,"column":28}},"2":{"start":{"line":3,"column":23},"end":{"line":3,"column":32}},"3":{"start":{"line":4,"column":27},"end":{"line":4,"column":40}},"4":{"start":{"line":5,"column":30},"end":{"line":5,"column":46}},"5":{"start":{"line":6,"column":20},"end":{"line":6,"column":26}},"6":{"start":{"line":7,"column":23},"end":{"line":7,"column":32}},"7":{"start":{"line":8,"column":21},"end":{"line":8,"column":28}},"8":{"start":{"line":9,"column":24},"end":{"line":9,"column":34}},"9":{"start":{"line":10,"column":25},"end":{"line":10,"column":36}},"10":{"start":{"line":11,"column":21},"end":{"line":11,"column":28}},"11":{"start":{"line":12,"column":24},"end":{"line":12,"column":34}},"12":{"start":{"line":13,"column":23},"end":{"line":13,"column":32}},"13":{"start":{"line":15,"column":20},"end":{"line":19,"column":1}},"14":{"start":{"line":16,"column":2},"end":{"line":18,"column":3}}},"fnMap":{"0":{"name":"(anonymous_0)","decl":{"start":{"line":15,"column":20},"end":{"line":15,"column":21}},"loc":{"start":{"line":15,"column":30},"end":{"line":19,"column":1}},"line":15}},"branchMap":{},"s":{"0":1,"1":1,"2":1,"3":1,"4":1,"5":1,"6":1,"7":1,"8":1,"9":1,"10":1,"11":1,"12":1,"13":1,"14":0},"f":{"0":0},"b":{},"_coverageSchema":"43e27e138ebf9cfc5966b082cf9a028302ed4184","hash":"0b3c399ba25f8006189a18f2bfaf44644f8905ed"}
,"/Users/mjoubert/red_tetris/src/client/actions/login.js": {"path":"/Users/mjoubert/red_tetris/src/client/actions/login.js","statementMap":{"0":{"start":{"line":1,"column":21},"end":{"line":1,"column":28}},"1":{"start":{"line":2,"column":21},"end":{"line":2,"column":28}},"2":{"start":{"line":4,"column":21},"end":{"line":9,"column":1}},"3":{"start":{"line":5,"column":2},"end":{"line":8,"column":3}}},"fnMap":{"0":{"name":"(anonymous_0)","decl":{"start":{"line":4,"column":21},"end":{"line":4,"column":22}},"loc":{"start":{"line":4,"column":32},"end":{"line":9,"column":1}},"line":4}},"branchMap":{},"s":{"0":1,"1":1,"2":1,"3":0},"f":{"0":0},"b":{},"_coverageSchema":"43e27e138ebf9cfc5966b082cf9a028302ed4184","hash":"4131309118d296daee3c7e7b08a1b32830a6193b"}
,"/Users/mjoubert/red_tetris/src/client/components/Cell.js": {"path":"/Users/mjoubert/red_tetris/src/client/components/Cell.js","statementMap":{"0":{"start":{"line":5,"column":19},"end":{"line":10,"column":1}},"1":{"start":{"line":9,"column":32},"end":{"line":9,"column":43}},"2":{"start":{"line":12,"column":13},"end":{"line":14,"column":1}},"3":{"start":{"line":13,"column":2},"end":{"line":13,"column":62}}},"fnMap":{"0":{"name":"(anonymous_0)","decl":{"start":{"line":9,"column":23},"end":{"line":9,"column":24}},"loc":{"start":{"line":9,"column":32},"end":{"line":9,"column":43}},"line":9},"1":{"name":"(anonymous_1)","decl":{"start":{"line":12,"column":13},"end":{"line":12,"column":14}},"loc":{"start":{"line":12,"column":34},"end":{"line":14,"column":1}},"line":12}},"branchMap":{},"s":{"0":4,"1":0,"2":4,"3":1},"f":{"0":0,"1":1},"b":{},"_coverageSchema":"43e27e138ebf9cfc5966b082cf9a028302ed4184","hash":"5d5af4c6f85d76f11c44fa3af10ee16b377af820"}
,"/Users/mjoubert/red_tetris/src/client/components/CellPhantom.js": {"path":"/Users/mjoubert/red_tetris/src/client/components/CellPhantom.js","statementMap":{"0":{"start":{"line":5,"column":19},"end":{"line":10,"column":1}},"1":{"start":{"line":9,"column":32},"end":{"line":9,"column":43}},"2":{"start":{"line":12,"column":20},"end":{"line":14,"column":1}},"3":{"start":{"line":13,"column":2},"end":{"line":13,"column":62}}},"fnMap":{"0":{"name":"(anonymous_0)","decl":{"start":{"line":9,"column":23},"end":{"line":9,"column":24}},"loc":{"start":{"line":9,"column":32},"end":{"line":9,"column":43}},"line":9},"1":{"name":"(anonymous_1)","decl":{"start":{"line":12,"column":20},"end":{"line":12,"column":21}},"loc":{"start":{"line":12,"column":41},"end":{"line":14,"column":1}},"line":12}},"branchMap":{},"s":{"0":5,"1":0,"2":5,"3":1},"f":{"0":0,"1":1},"b":{},"_coverageSchema":"43e27e138ebf9cfc5966b082cf9a028302ed4184","hash":"8796ccef1ea6f308be414e8aa5216c477677a917"}
,"/Users/mjoubert/red_tetris/src/client/components/ContainerStagePhantom.js": {"path":"/Users/mjoubert/red_tetris/src/client/components/ContainerStagePhantom.js","statementMap":{"0":{"start":{"line":7,"column":18},"end":{"line":17,"column":1}},"1":{"start":{"line":19,"column":18},"end":{"line":24,"column":1}},"2":{"start":{"line":23,"column":22},"end":{"line":23,"column":33}},"3":{"start":{"line":26,"column":30},"end":{"line":42,"column":1}},"4":{"start":{"line":27,"column":4},"end":{"line":41,"column":5}},"5":{"start":{"line":30,"column":16},"end":{"line":38,"column":29}},"6":{"start":{"line":31,"column":20},"end":{"line":37,"column":21}},"7":{"start":{"line":38,"column":23},"end":{"line":38,"column":29}}},"fnMap":{"0":{"name":"(anonymous_0)","decl":{"start":{"line":23,"column":13},"end":{"line":23,"column":14}},"loc":{"start":{"line":23,"column":22},"end":{"line":23,"column":33}},"line":23},"1":{"name":"(anonymous_1)","decl":{"start":{"line":26,"column":30},"end":{"line":26,"column":31}},"loc":{"start":{"line":26,"column":58},"end":{"line":42,"column":1}},"line":26},"2":{"name":"(anonymous_2)","decl":{"start":{"line":29,"column":49},"end":{"line":29,"column":50}},"loc":{"start":{"line":29,"column":71},"end":{"line":39,"column":13}},"line":29}},"branchMap":{"0":{"loc":{"start":{"line":29,"column":13},"end":{"line":39,"column":21}},"type":"cond-expr","locations":[{"start":{"line":29,"column":30},"end":{"line":39,"column":14}},{"start":{"line":39,"column":17},"end":{"line":39,"column":21}}],"line":29},"1":{"loc":{"start":{"line":30,"column":16},"end":{"line":38,"column":29}},"type":"if","locations":[{"start":{"line":30,"column":16},"end":{"line":38,"column":29}},{"start":{"line":30,"column":16},"end":{"line":38,"column":29}}],"line":30},"2":{"loc":{"start":{"line":34,"column":25},"end":{"line":34,"column":71}},"type":"cond-expr","locations":[{"start":{"line":34,"column":41},"end":{"line":34,"column":64}},{"start":{"line":34,"column":67},"end":{"line":34,"column":71}}],"line":34}},"s":{"0":3,"1":3,"2":0,"3":3,"4":1,"5":2,"6":1,"7":1},"f":{"0":0,"1":1,"2":2},"b":{"0":[1,0],"1":[1,1],"2":[1,0]},"_coverageSchema":"43e27e138ebf9cfc5966b082cf9a028302ed4184","hash":"7bafa6415c80b9b9137a0d7dcc22a310a570ba6a"}
,"/Users/mjoubert/red_tetris/src/client/components/ContainerText.js": {"path":"/Users/mjoubert/red_tetris/src/client/components/ContainerText.js","statementMap":{"0":{"start":{"line":3,"column":18},"end":{"line":12,"column":3}},"1":{"start":{"line":14,"column":18},"end":{"line":18,"column":1}},"2":{"start":{"line":20,"column":22},"end":{"line":26,"column":1}},"3":{"start":{"line":21,"column":4},"end":{"line":25,"column":5}}},"fnMap":{"0":{"name":"(anonymous_0)","decl":{"start":{"line":20,"column":22},"end":{"line":20,"column":23}},"loc":{"start":{"line":20,"column":34},"end":{"line":26,"column":1}},"line":20}},"branchMap":{},"s":{"0":2,"1":2,"2":2,"3":2},"f":{"0":2},"b":{},"_coverageSchema":"43e27e138ebf9cfc5966b082cf9a028302ed4184","hash":"c1835c384019806385705c06860062eb2b6adf69"}
,"/Users/mjoubert/red_tetris/src/client/components/GameOver.js": {"path":"/Users/mjoubert/red_tetris/src/client/components/GameOver.js","statementMap":{"0":{"start":{"line":6,"column":18},"end":{"line":13,"column":1}},"1":{"start":{"line":15,"column":14},"end":{"line":17,"column":1}},"2":{"start":{"line":19,"column":17},"end":{"line":29,"column":1}},"3":{"start":{"line":20,"column":4},"end":{"line":28,"column":5}}},"fnMap":{"0":{"name":"(anonymous_0)","decl":{"start":{"line":19,"column":17},"end":{"line":19,"column":18}},"loc":{"start":{"line":19,"column":28},"end":{"line":29,"column":1}},"line":19}},"branchMap":{"0":{"loc":{"start":{"line":24,"column":21},"end":{"line":24,"column":36}},"type":"cond-expr","locations":[{"start":{"line":24,"column":27},"end":{"line":24,"column":30}},{"start":{"line":24,"column":33},"end":{"line":24,"column":36}}],"line":24},"1":{"loc":{"start":{"line":25,"column":21},"end":{"line":25,"column":44}},"type":"cond-expr","locations":[{"start":{"line":25,"column":27},"end":{"line":25,"column":34}},{"start":{"line":25,"column":37},"end":{"line":25,"column":44}}],"line":25}},"s":{"0":4,"1":4,"2":4,"3":2},"f":{"0":2},"b":{"0":[1,1],"1":[1,1]},"_coverageSchema":"43e27e138ebf9cfc5966b082cf9a028302ed4184","hash":"f4f97745c192c13654f3273e1eb50aa9e1d46987"}
,"/Users/mjoubert/red_tetris/src/client/components/Stage.js": {"path":"/Users/mjoubert/red_tetris/src/client/components/Stage.js","statementMap":{"0":{"start":{"line":5,"column":14},"end":{"line":22,"column":1}},"1":{"start":{"line":7,"column":23},"end":{"line":17,"column":7}},"2":{"start":{"line":19,"column":4},"end":{"line":21,"column":6}},"3":{"start":{"line":19,"column":28},"end":{"line":21,"column":5}},"4":{"start":{"line":20,"column":8},"end":{"line":20,"column":72}},"5":{"start":{"line":25,"column":28},"end":{"line":42,"column":1}},"6":{"start":{"line":27,"column":23},"end":{"line":37,"column":7}},"7":{"start":{"line":39,"column":4},"end":{"line":41,"column":6}},"8":{"start":{"line":39,"column":28},"end":{"line":41,"column":5}},"9":{"start":{"line":40,"column":8},"end":{"line":40,"column":72}}},"fnMap":{"0":{"name":"(anonymous_0)","decl":{"start":{"line":5,"column":14},"end":{"line":5,"column":15}},"loc":{"start":{"line":5,"column":29},"end":{"line":22,"column":1}},"line":5},"1":{"name":"(anonymous_1)","decl":{"start":{"line":19,"column":21},"end":{"line":19,"column":22}},"loc":{"start":{"line":19,"column":28},"end":{"line":21,"column":5}},"line":19},"2":{"name":"(anonymous_2)","decl":{"start":{"line":19,"column":36},"end":{"line":19,"column":37}},"loc":{"start":{"line":20,"column":8},"end":{"line":20,"column":72}},"line":20},"3":{"name":"(anonymous_3)","decl":{"start":{"line":25,"column":28},"end":{"line":25,"column":29}},"loc":{"start":{"line":25,"column":43},"end":{"line":42,"column":1}},"line":25},"4":{"name":"(anonymous_4)","decl":{"start":{"line":39,"column":21},"end":{"line":39,"column":22}},"loc":{"start":{"line":39,"column":28},"end":{"line":41,"column":5}},"line":39},"5":{"name":"(anonymous_5)","decl":{"start":{"line":39,"column":36},"end":{"line":39,"column":37}},"loc":{"start":{"line":40,"column":8},"end":{"line":40,"column":72}},"line":40}},"branchMap":{},"s":{"0":3,"1":1,"2":1,"3":20,"4":200,"5":3,"6":1,"7":1,"8":4,"9":40},"f":{"0":1,"1":20,"2":200,"3":1,"4":4,"5":40},"b":{},"_coverageSchema":"43e27e138ebf9cfc5966b082cf9a028302ed4184","hash":"e34835eaf29ce7b768e8c8d5437cdbe93e5230dd"}
,"/Users/mjoubert/red_tetris/src/client/components/StagePhantom.js": {"path":"/Users/mjoubert/red_tetris/src/client/components/StagePhantom.js","statementMap":{"0":{"start":{"line":5,"column":21},"end":{"line":22,"column":1}},"1":{"start":{"line":7,"column":23},"end":{"line":17,"column":7}},"2":{"start":{"line":19,"column":4},"end":{"line":21,"column":6}},"3":{"start":{"line":19,"column":28},"end":{"line":21,"column":5}},"4":{"start":{"line":20,"column":8},"end":{"line":20,"column":79}}},"fnMap":{"0":{"name":"(anonymous_0)","decl":{"start":{"line":5,"column":21},"end":{"line":5,"column":22}},"loc":{"start":{"line":5,"column":36},"end":{"line":22,"column":1}},"line":5},"1":{"name":"(anonymous_1)","decl":{"start":{"line":19,"column":21},"end":{"line":19,"column":22}},"loc":{"start":{"line":19,"column":28},"end":{"line":21,"column":5}},"line":19},"2":{"name":"(anonymous_2)","decl":{"start":{"line":19,"column":36},"end":{"line":19,"column":37}},"loc":{"start":{"line":20,"column":8},"end":{"line":20,"column":79}},"line":20}},"branchMap":{},"s":{"0":4,"1":1,"2":1,"3":20,"4":200},"f":{"0":1,"1":20,"2":200},"b":{},"_coverageSchema":"43e27e138ebf9cfc5966b082cf9a028302ed4184","hash":"77a76836067fc786e816800ac9fd33ae8bae3c86"}
,"/Users/mjoubert/red_tetris/src/client/components/asideLeft.js": {"path":"/Users/mjoubert/red_tetris/src/client/components/asideLeft.js","statementMap":{"0":{"start":{"line":9,"column":22},"end":{"line":17,"column":1}},"1":{"start":{"line":19,"column":13},"end":{"line":21,"column":1}},"2":{"start":{"line":23,"column":14},"end":{"line":30,"column":1}},"3":{"start":{"line":32,"column":24},"end":{"line":39,"column":1}},"4":{"start":{"line":40,"column":25},"end":{"line":43,"column":1}},"5":{"start":{"line":42,"column":22},"end":{"line":42,"column":33}},"6":{"start":{"line":45,"column":18},"end":{"line":69,"column":1}},"7":{"start":{"line":46,"column":34},"end":{"line":46,"column":52}},"8":{"start":{"line":47,"column":43},"end":{"line":47,"column":79}},"9":{"start":{"line":49,"column":4},"end":{"line":53,"column":17}},"10":{"start":{"line":50,"column":8},"end":{"line":52,"column":9}},"11":{"start":{"line":51,"column":12},"end":{"line":51,"column":40}},"12":{"start":{"line":55,"column":4},"end":{"line":68,"column":5}}},"fnMap":{"0":{"name":"(anonymous_0)","decl":{"start":{"line":42,"column":13},"end":{"line":42,"column":14}},"loc":{"start":{"line":42,"column":22},"end":{"line":42,"column":33}},"line":42},"1":{"name":"(anonymous_1)","decl":{"start":{"line":45,"column":18},"end":{"line":45,"column":19}},"loc":{"start":{"line":45,"column":46},"end":{"line":69,"column":1}},"line":45},"2":{"name":"(anonymous_2)","decl":{"start":{"line":49,"column":14},"end":{"line":49,"column":15}},"loc":{"start":{"line":49,"column":20},"end":{"line":53,"column":5}},"line":49}},"branchMap":{"0":{"loc":{"start":{"line":50,"column":8},"end":{"line":52,"column":9}},"type":"if","locations":[{"start":{"line":50,"column":8},"end":{"line":52,"column":9}},{"start":{"line":50,"column":8},"end":{"line":52,"column":9}}],"line":50},"1":{"loc":{"start":{"line":50,"column":12},"end":{"line":50,"column":40}},"type":"binary-expr","locations":[{"start":{"line":50,"column":12},"end":{"line":50,"column":21}},{"start":{"line":50,"column":25},"end":{"line":50,"column":40}}],"line":50},"2":{"loc":{"start":{"line":60,"column":21},"end":{"line":60,"column":79}},"type":"cond-expr","locations":[{"start":{"line":60,"column":43},"end":{"line":60,"column":72}},{"start":{"line":60,"column":75},"end":{"line":60,"column":79}}],"line":60},"3":{"loc":{"start":{"line":60,"column":21},"end":{"line":60,"column":40}},"type":"binary-expr","locations":[{"start":{"line":60,"column":21},"end":{"line":60,"column":27}},{"start":{"line":60,"column":31},"end":{"line":60,"column":40}}],"line":60}},"s":{"0":2,"1":2,"2":2,"3":2,"4":2,"5":2,"6":2,"7":3,"8":3,"9":3,"10":1,"11":0,"12":3},"f":{"0":2,"1":3,"2":1},"b":{"0":[0,1],"1":[1,0],"2":[1,2],"3":[3,2]},"_coverageSchema":"43e27e138ebf9cfc5966b082cf9a028302ed4184","hash":"84f4bc9362c1cf84b4de14fb6a2b3bd3aa5182cc"}
,"/Users/mjoubert/red_tetris/src/client/components/asideRight.js": {"path":"/Users/mjoubert/red_tetris/src/client/components/asideRight.js","statementMap":{"0":{"start":{"line":7,"column":22},"end":{"line":16,"column":1}},"1":{"start":{"line":18,"column":13},"end":{"line":21,"column":1}},"2":{"start":{"line":23,"column":14},"end":{"line":32,"column":1}},"3":{"start":{"line":34,"column":18},"end":{"line":36,"column":1}},"4":{"start":{"line":37,"column":14},"end":{"line":46,"column":1}},"5":{"start":{"line":48,"column":18},"end":{"line":54,"column":1}},"6":{"start":{"line":56,"column":19},"end":{"line":79,"column":1}},"7":{"start":{"line":57,"column":4},"end":{"line":78,"column":5}},"8":{"start":{"line":72,"column":16},"end":{"line":74,"column":28}}},"fnMap":{"0":{"name":"(anonymous_0)","decl":{"start":{"line":56,"column":19},"end":{"line":56,"column":20}},"loc":{"start":{"line":56,"column":77},"end":{"line":79,"column":1}},"line":56},"1":{"name":"(anonymous_1)","decl":{"start":{"line":71,"column":31},"end":{"line":71,"column":32}},"loc":{"start":{"line":72,"column":16},"end":{"line":74,"column":28}},"line":72}},"branchMap":{"0":{"loc":{"start":{"line":59,"column":9},"end":{"line":66,"column":16}},"type":"cond-expr","locations":[{"start":{"line":60,"column":8},"end":{"line":65,"column":19}},{"start":{"line":66,"column":12},"end":{"line":66,"column":16}}],"line":59},"1":{"loc":{"start":{"line":68,"column":13},"end":{"line":75,"column":20}},"type":"cond-expr","locations":[{"start":{"line":71,"column":12},"end":{"line":75,"column":13}},{"start":{"line":75,"column":16},"end":{"line":75,"column":20}}],"line":68},"2":{"loc":{"start":{"line":68,"column":13},"end":{"line":70,"column":28}},"type":"binary-expr","locations":[{"start":{"line":68,"column":13},"end":{"line":68,"column":27}},{"start":{"line":69,"column":12},"end":{"line":69,"column":36}},{"start":{"line":70,"column":12},"end":{"line":70,"column":28}}],"line":68}},"s":{"0":2,"1":2,"2":2,"3":2,"4":2,"5":2,"6":2,"7":2,"8":0},"f":{"0":2,"1":0},"b":{"0":[0,2],"1":[0,2],"2":[2,1,1]},"_coverageSchema":"43e27e138ebf9cfc5966b082cf9a028302ed4184","hash":"297869225e8adf5d842f11c9bc4b8237a5c7a7db"}
,"/Users/mjoubert/red_tetris/src/client/components/tetris.js": {"path":"/Users/mjoubert/red_tetris/src/client/components/tetris.js","statementMap":{"0":{"start":{"line":14,"column":24},"end":{"line":22,"column":1}},"1":{"start":{"line":24,"column":15},"end":{"line":122,"column":1}},"2":{"start":{"line":25,"column":28},"end":{"line":25,"column":49}},"3":{"start":{"line":26,"column":63},"end":{"line":26,"column":74}},"4":{"start":{"line":27,"column":41},"end":{"line":27,"column":81}},"5":{"start":{"line":28,"column":60},"end":{"line":28,"column":86}},"6":{"start":{"line":29,"column":15},"end":{"line":29,"column":33}},"7":{"start":{"line":31,"column":2},"end":{"line":33,"column":31}},"8":{"start":{"line":32,"column":4},"end":{"line":32,"column":10}},"9":{"start":{"line":35,"column":2},"end":{"line":73,"column":25}},"10":{"start":{"line":36,"column":31},"end":{"line":58,"column":5}},"11":{"start":{"line":37,"column":6},"end":{"line":57,"column":7}},"12":{"start":{"line":38,"column":8},"end":{"line":56,"column":9}},"13":{"start":{"line":40,"column":12},"end":{"line":40,"column":26}},"14":{"start":{"line":41,"column":12},"end":{"line":41,"column":18}},"15":{"start":{"line":43,"column":12},"end":{"line":43,"column":25}},"16":{"start":{"line":44,"column":12},"end":{"line":44,"column":18}},"17":{"start":{"line":46,"column":14},"end":{"line":46,"column":26}},"18":{"start":{"line":47,"column":12},"end":{"line":47,"column":18}},"19":{"start":{"line":49,"column":12},"end":{"line":49,"column":34}},"20":{"start":{"line":50,"column":12},"end":{"line":50,"column":18}},"21":{"start":{"line":52,"column":20},"end":{"line":52,"column":21}},"22":{"start":{"line":53,"column":12},"end":{"line":53,"column":69}},"23":{"start":{"line":53,"column":66},"end":{"line":53,"column":69}},"24":{"start":{"line":54,"column":12},"end":{"line":54,"column":73}},"25":{"start":{"line":54,"column":23},"end":{"line":54,"column":73}},"26":{"start":{"line":55,"column":12},"end":{"line":55,"column":18}},"27":{"start":{"line":59,"column":29},"end":{"line":66,"column":5}},"28":{"start":{"line":60,"column":6},"end":{"line":65,"column":7}},"29":{"start":{"line":61,"column":8},"end":{"line":64,"column":9}},"30":{"start":{"line":63,"column":12},"end":{"line":63,"column":33}},"31":{"start":{"line":67,"column":4},"end":{"line":67,"column":60}},"32":{"start":{"line":68,"column":4},"end":{"line":68,"column":56}},"33":{"start":{"line":69,"column":4},"end":{"line":72,"column":5}},"34":{"start":{"line":70,"column":6},"end":{"line":70,"column":65}},"35":{"start":{"line":71,"column":6},"end":{"line":71,"column":61}},"36":{"start":{"line":75,"column":2},"end":{"line":77,"column":14}},"37":{"start":{"line":76,"column":4},"end":{"line":76,"column":37}},"38":{"start":{"line":76,"column":19},"end":{"line":76,"column":37}},"39":{"start":{"line":79,"column":2},"end":{"line":87,"column":31}},"40":{"start":{"line":80,"column":4},"end":{"line":86,"column":5}},"41":{"start":{"line":81,"column":6},"end":{"line":81,"column":30}},"42":{"start":{"line":82,"column":6},"end":{"line":82,"column":28}},"43":{"start":{"line":83,"column":6},"end":{"line":83,"column":41}},"44":{"start":{"line":84,"column":6},"end":{"line":84,"column":18}},"45":{"start":{"line":85,"column":6},"end":{"line":85,"column":17}},"46":{"start":{"line":89,"column":21},"end":{"line":93,"column":3}},"47":{"start":{"line":90,"column":4},"end":{"line":92,"column":5}},"48":{"start":{"line":91,"column":6},"end":{"line":91,"column":39}},"49":{"start":{"line":95,"column":15},"end":{"line":106,"column":3}},"50":{"start":{"line":96,"column":4},"end":{"line":105,"column":5}},"51":{"start":{"line":97,"column":6},"end":{"line":97,"column":53}},"52":{"start":{"line":99,"column":6},"end":{"line":103,"column":7}},"53":{"start":{"line":100,"column":8},"end":{"line":100,"column":17}},"54":{"start":{"line":101,"column":8},"end":{"line":101,"column":22}},"55":{"start":{"line":102,"column":8},"end":{"line":102,"column":14}},"56":{"start":{"line":104,"column":6},"end":{"line":104,"column":52}},"57":{"start":{"line":108,"column":21},"end":{"line":111,"column":3}},"58":{"start":{"line":109,"column":4},"end":{"line":109,"column":18}},"59":{"start":{"line":110,"column":4},"end":{"line":110,"column":10}},"60":{"start":{"line":113,"column":2},"end":{"line":121,"column":3}}},"fnMap":{"0":{"name":"(anonymous_0)","decl":{"start":{"line":24,"column":15},"end":{"line":24,"column":16}},"loc":{"start":{"line":24,"column":63},"end":{"line":122,"column":1}},"line":24},"1":{"name":"(anonymous_1)","decl":{"start":{"line":31,"column":14},"end":{"line":31,"column":15}},"loc":{"start":{"line":31,"column":20},"end":{"line":33,"column":3}},"line":31},"2":{"name":"(anonymous_2)","decl":{"start":{"line":35,"column":12},"end":{"line":35,"column":13}},"loc":{"start":{"line":35,"column":18},"end":{"line":73,"column":3}},"line":35},"3":{"name":"(anonymous_3)","decl":{"start":{"line":36,"column":31},"end":{"line":36,"column":32}},"loc":{"start":{"line":36,"column":48},"end":{"line":58,"column":5}},"line":36},"4":{"name":"(anonymous_4)","decl":{"start":{"line":59,"column":29},"end":{"line":59,"column":30}},"loc":{"start":{"line":59,"column":46},"end":{"line":66,"column":5}},"line":59},"5":{"name":"(anonymous_5)","decl":{"start":{"line":69,"column":11},"end":{"line":69,"column":12}},"loc":{"start":{"line":69,"column":17},"end":{"line":72,"column":5}},"line":69},"6":{"name":"(anonymous_6)","decl":{"start":{"line":75,"column":12},"end":{"line":75,"column":13}},"loc":{"start":{"line":75,"column":18},"end":{"line":77,"column":3}},"line":75},"7":{"name":"(anonymous_7)","decl":{"start":{"line":79,"column":12},"end":{"line":79,"column":13}},"loc":{"start":{"line":79,"column":18},"end":{"line":87,"column":3}},"line":79},"8":{"name":"(anonymous_8)","decl":{"start":{"line":89,"column":21},"end":{"line":89,"column":22}},"loc":{"start":{"line":89,"column":28},"end":{"line":93,"column":3}},"line":89},"9":{"name":"(anonymous_9)","decl":{"start":{"line":95,"column":15},"end":{"line":95,"column":16}},"loc":{"start":{"line":95,"column":21},"end":{"line":106,"column":3}},"line":95},"10":{"name":"(anonymous_10)","decl":{"start":{"line":108,"column":21},"end":{"line":108,"column":22}},"loc":{"start":{"line":108,"column":27},"end":{"line":111,"column":3}},"line":108}},"branchMap":{"0":{"loc":{"start":{"line":33,"column":5},"end":{"line":33,"column":29}},"type":"cond-expr","locations":[{"start":{"line":33,"column":17},"end":{"line":33,"column":21}},{"start":{"line":33,"column":24},"end":{"line":33,"column":29}}],"line":33},"1":{"loc":{"start":{"line":37,"column":6},"end":{"line":57,"column":7}},"type":"if","locations":[{"start":{"line":37,"column":6},"end":{"line":57,"column":7}},{"start":{"line":37,"column":6},"end":{"line":57,"column":7}}],"line":37},"2":{"loc":{"start":{"line":38,"column":8},"end":{"line":56,"column":9}},"type":"switch","locations":[{"start":{"line":39,"column":10},"end":{"line":41,"column":18}},{"start":{"line":42,"column":10},"end":{"line":44,"column":18}},{"start":{"line":45,"column":10},"end":{"line":47,"column":18}},{"start":{"line":48,"column":10},"end":{"line":50,"column":18}},{"start":{"line":51,"column":10},"end":{"line":55,"column":18}}],"line":38},"3":{"loc":{"start":{"line":54,"column":12},"end":{"line":54,"column":73}},"type":"if","locations":[{"start":{"line":54,"column":12},"end":{"line":54,"column":73}},{"start":{"line":54,"column":12},"end":{"line":54,"column":73}}],"line":54},"4":{"loc":{"start":{"line":60,"column":6},"end":{"line":65,"column":7}},"type":"if","locations":[{"start":{"line":60,"column":6},"end":{"line":65,"column":7}},{"start":{"line":60,"column":6},"end":{"line":65,"column":7}}],"line":60},"5":{"loc":{"start":{"line":61,"column":8},"end":{"line":64,"column":9}},"type":"switch","locations":[{"start":{"line":62,"column":10},"end":{"line":63,"column":33}}],"line":61},"6":{"loc":{"start":{"line":76,"column":4},"end":{"line":76,"column":37}},"type":"if","locations":[{"start":{"line":76,"column":4},"end":{"line":76,"column":37}},{"start":{"line":76,"column":4},"end":{"line":76,"column":37}}],"line":76},"7":{"loc":{"start":{"line":80,"column":4},"end":{"line":86,"column":5}},"type":"if","locations":[{"start":{"line":80,"column":4},"end":{"line":86,"column":5}},{"start":{"line":80,"column":4},"end":{"line":86,"column":5}}],"line":80},"8":{"loc":{"start":{"line":80,"column":8},"end":{"line":80,"column":67}},"type":"binary-expr","locations":[{"start":{"line":80,"column":8},"end":{"line":80,"column":12}},{"start":{"line":80,"column":16},"end":{"line":80,"column":24}},{"start":{"line":80,"column":28},"end":{"line":80,"column":38}},{"start":{"line":80,"column":42},"end":{"line":80,"column":53}},{"start":{"line":80,"column":57},"end":{"line":80,"column":67}}],"line":80},"9":{"loc":{"start":{"line":90,"column":4},"end":{"line":92,"column":5}},"type":"if","locations":[{"start":{"line":90,"column":4},"end":{"line":92,"column":5}},{"start":{"line":90,"column":4},"end":{"line":92,"column":5}}],"line":90},"10":{"loc":{"start":{"line":96,"column":4},"end":{"line":105,"column":5}},"type":"if","locations":[{"start":{"line":96,"column":4},"end":{"line":105,"column":5}},{"start":{"line":96,"column":4},"end":{"line":105,"column":5}}],"line":96},"11":{"loc":{"start":{"line":99,"column":6},"end":{"line":103,"column":7}},"type":"if","locations":[{"start":{"line":99,"column":6},"end":{"line":103,"column":7}},{"start":{"line":99,"column":6},"end":{"line":103,"column":7}}],"line":99},"12":{"loc":{"start":{"line":117,"column":9},"end":{"line":117,"column":55}},"type":"cond-expr","locations":[{"start":{"line":117,"column":21},"end":{"line":117,"column":48}},{"start":{"line":117,"column":51},"end":{"line":117,"column":55}}],"line":117}},"s":{"0":1,"1":1,"2":0,"3":0,"4":0,"5":0,"6":0,"7":0,"8":0,"9":0,"10":0,"11":0,"12":0,"13":0,"14":0,"15":0,"16":0,"17":0,"18":0,"19":0,"20":0,"21":0,"22":0,"23":0,"24":0,"25":0,"26":0,"27":0,"28":0,"29":0,"30":0,"31":0,"32":0,"33":0,"34":0,"35":0,"36":0,"37":0,"38":0,"39":0,"40":0,"41":0,"42":0,"43":0,"44":0,"45":0,"46":0,"47":0,"48":0,"49":0,"50":0,"51":0,"52":0,"53":0,"54":0,"55":0,"56":0,"57":0,"58":0,"59":0,"60":0},"f":{"0":0,"1":0,"2":0,"3":0,"4":0,"5":0,"6":0,"7":0,"8":0,"9":0,"10":0},"b":{"0":[0,0],"1":[0,0],"2":[0,0,0,0,0],"3":[0,0],"4":[0,0],"5":[0],"6":[0,0],"7":[0,0],"8":[0,0,0,0,0],"9":[0,0],"10":[0,0],"11":[0,0],"12":[0,0]},"_coverageSchema":"43e27e138ebf9cfc5966b082cf9a028302ed4184","hash":"2bfb23c31d259b5a67e41b29ac46d66966aeaba3"}
,"/Users/mjoubert/red_tetris/src/client/hook/useGameStatus.js": {"path":"/Users/mjoubert/red_tetris/src/client/hook/useGameStatus.js","statementMap":{"0":{"start":{"line":3,"column":29},"end":{"line":24,"column":1}},"1":{"start":{"line":4,"column":28},"end":{"line":4,"column":39}},"2":{"start":{"line":5,"column":26},"end":{"line":5,"column":37}},"3":{"start":{"line":6,"column":28},"end":{"line":6,"column":39}},"4":{"start":{"line":8,"column":21},"end":{"line":8,"column":41}},"5":{"start":{"line":10,"column":20},"end":{"line":17,"column":38}},"6":{"start":{"line":12,"column":4},"end":{"line":16,"column":5}},"7":{"start":{"line":14,"column":6},"end":{"line":14,"column":73}},"8":{"start":{"line":14,"column":23},"end":{"line":14,"column":71}},"9":{"start":{"line":15,"column":6},"end":{"line":15,"column":42}},"10":{"start":{"line":15,"column":22},"end":{"line":15,"column":40}},"11":{"start":{"line":19,"column":2},"end":{"line":21,"column":38}},"12":{"start":{"line":20,"column":4},"end":{"line":20,"column":16}},"13":{"start":{"line":23,"column":2},"end":{"line":23,"column":59}}},"fnMap":{"0":{"name":"(anonymous_0)","decl":{"start":{"line":3,"column":29},"end":{"line":3,"column":30}},"loc":{"start":{"line":3,"column":44},"end":{"line":24,"column":1}},"line":3},"1":{"name":"(anonymous_1)","decl":{"start":{"line":10,"column":32},"end":{"line":10,"column":33}},"loc":{"start":{"line":10,"column":38},"end":{"line":17,"column":3}},"line":10},"2":{"name":"(anonymous_2)","decl":{"start":{"line":14,"column":15},"end":{"line":14,"column":16}},"loc":{"start":{"line":14,"column":23},"end":{"line":14,"column":71}},"line":14},"3":{"name":"(anonymous_3)","decl":{"start":{"line":15,"column":14},"end":{"line":15,"column":15}},"loc":{"start":{"line":15,"column":22},"end":{"line":15,"column":40}},"line":15},"4":{"name":"(anonymous_4)","decl":{"start":{"line":19,"column":12},"end":{"line":19,"column":13}},"loc":{"start":{"line":19,"column":18},"end":{"line":21,"column":3}},"line":19}},"branchMap":{"0":{"loc":{"start":{"line":12,"column":4},"end":{"line":16,"column":5}},"type":"if","locations":[{"start":{"line":12,"column":4},"end":{"line":16,"column":5}},{"start":{"line":12,"column":4},"end":{"line":16,"column":5}}],"line":12}},"s":{"0":2,"1":2,"2":2,"3":2,"4":2,"5":2,"6":2,"7":0,"8":0,"9":0,"10":0,"11":2,"12":2,"13":2},"f":{"0":2,"1":2,"2":0,"3":0,"4":2},"b":{"0":[0,2]},"_coverageSchema":"43e27e138ebf9cfc5966b082cf9a028302ed4184","hash":"e3e372bb7842f4701cc0c9e88aaebd3d0c4f50b7"}
,"/Users/mjoubert/red_tetris/src/client/hook/useInterval.js": {"path":"/Users/mjoubert/red_tetris/src/client/hook/useInterval.js","statementMap":{"0":{"start":{"line":4,"column":24},"end":{"line":4,"column":32}},"1":{"start":{"line":7,"column":2},"end":{"line":9,"column":17}},"2":{"start":{"line":8,"column":4},"end":{"line":8,"column":37}},"3":{"start":{"line":12,"column":2},"end":{"line":20,"column":14}},"4":{"start":{"line":14,"column":6},"end":{"line":14,"column":30}},"5":{"start":{"line":16,"column":4},"end":{"line":19,"column":5}},"6":{"start":{"line":17,"column":15},"end":{"line":17,"column":39}},"7":{"start":{"line":18,"column":6},"end":{"line":18,"column":37}},"8":{"start":{"line":18,"column":19},"end":{"line":18,"column":36}}},"fnMap":{"0":{"name":"useInterval","decl":{"start":{"line":3,"column":9},"end":{"line":3,"column":20}},"loc":{"start":{"line":3,"column":38},"end":{"line":21,"column":1}},"line":3},"1":{"name":"(anonymous_1)","decl":{"start":{"line":7,"column":12},"end":{"line":7,"column":13}},"loc":{"start":{"line":7,"column":18},"end":{"line":9,"column":3}},"line":7},"2":{"name":"(anonymous_2)","decl":{"start":{"line":12,"column":12},"end":{"line":12,"column":13}},"loc":{"start":{"line":12,"column":18},"end":{"line":20,"column":3}},"line":12},"3":{"name":"tick","decl":{"start":{"line":13,"column":13},"end":{"line":13,"column":17}},"loc":{"start":{"line":13,"column":20},"end":{"line":15,"column":5}},"line":13},"4":{"name":"(anonymous_4)","decl":{"start":{"line":18,"column":13},"end":{"line":18,"column":14}},"loc":{"start":{"line":18,"column":19},"end":{"line":18,"column":36}},"line":18}},"branchMap":{"0":{"loc":{"start":{"line":16,"column":4},"end":{"line":19,"column":5}},"type":"if","locations":[{"start":{"line":16,"column":4},"end":{"line":19,"column":5}},{"start":{"line":16,"column":4},"end":{"line":19,"column":5}}],"line":16}},"s":{"0":3,"1":3,"2":3,"3":3,"4":0,"5":3,"6":2,"7":2,"8":2},"f":{"0":3,"1":3,"2":3,"3":0,"4":2},"b":{"0":[2,1]},"_coverageSchema":"43e27e138ebf9cfc5966b082cf9a028302ed4184","hash":"121bc267538615f1d7e8dd1519bbe4d69a9711bf"}
,"/Users/mjoubert/red_tetris/src/client/hook/usePlayer.js": {"path":"/Users/mjoubert/red_tetris/src/client/hook/usePlayer.js","statementMap":{"0":{"start":{"line":6,"column":25},"end":{"line":66,"column":3}},"1":{"start":{"line":7,"column":18},"end":{"line":7,"column":28}},"2":{"start":{"line":8,"column":18},"end":{"line":8,"column":55}},"3":{"start":{"line":9,"column":32},"end":{"line":13,"column":6}},"4":{"start":{"line":15,"column":4},"end":{"line":21,"column":16}},"5":{"start":{"line":16,"column":6},"end":{"line":20,"column":8}},"6":{"start":{"line":25,"column":19},"end":{"line":25,"column":80}},"7":{"start":{"line":25,"column":44},"end":{"line":25,"column":79}},"8":{"start":{"line":25,"column":65},"end":{"line":25,"column":78}},"9":{"start":{"line":27,"column":6},"end":{"line":27,"column":57}},"10":{"start":{"line":27,"column":19},"end":{"line":27,"column":57}},"11":{"start":{"line":27,"column":42},"end":{"line":27,"column":55}},"12":{"start":{"line":28,"column":6},"end":{"line":28,"column":28}},"13":{"start":{"line":32,"column":27},"end":{"line":32,"column":61}},"14":{"start":{"line":33,"column":6},"end":{"line":33,"column":67}},"15":{"start":{"line":35,"column":18},"end":{"line":35,"column":36}},"16":{"start":{"line":36,"column":19},"end":{"line":36,"column":20}},"17":{"start":{"line":37,"column":6},"end":{"line":45,"column":7}},"18":{"start":{"line":38,"column":8},"end":{"line":38,"column":37}},"19":{"start":{"line":39,"column":8},"end":{"line":39,"column":51}},"20":{"start":{"line":40,"column":8},"end":{"line":44,"column":9}},"21":{"start":{"line":41,"column":10},"end":{"line":41,"column":47}},"22":{"start":{"line":42,"column":10},"end":{"line":42,"column":35}},"23":{"start":{"line":43,"column":10},"end":{"line":43,"column":17}},"24":{"start":{"line":46,"column":6},"end":{"line":46,"column":30}},"25":{"start":{"line":49,"column":28},"end":{"line":55,"column":5}},"26":{"start":{"line":50,"column":6},"end":{"line":54,"column":10}},"27":{"start":{"line":50,"column":25},"end":{"line":54,"column":7}},"28":{"start":{"line":57,"column":24},"end":{"line":63,"column":10}},"29":{"start":{"line":58,"column":6},"end":{"line":62,"column":9}},"30":{"start":{"line":65,"column":4},"end":{"line":65,"column":64}}},"fnMap":{"0":{"name":"(anonymous_0)","decl":{"start":{"line":6,"column":25},"end":{"line":6,"column":26}},"loc":{"start":{"line":6,"column":31},"end":{"line":66,"column":3}},"line":6},"1":{"name":"(anonymous_1)","decl":{"start":{"line":15,"column":14},"end":{"line":15,"column":15}},"loc":{"start":{"line":15,"column":20},"end":{"line":21,"column":5}},"line":15},"2":{"name":"rotate","decl":{"start":{"line":23,"column":13},"end":{"line":23,"column":19}},"loc":{"start":{"line":23,"column":33},"end":{"line":29,"column":5}},"line":23},"3":{"name":"(anonymous_3)","decl":{"start":{"line":25,"column":30},"end":{"line":25,"column":31}},"loc":{"start":{"line":25,"column":44},"end":{"line":25,"column":79}},"line":25},"4":{"name":"(anonymous_4)","decl":{"start":{"line":25,"column":55},"end":{"line":25,"column":56}},"loc":{"start":{"line":25,"column":65},"end":{"line":25,"column":78}},"line":25},"5":{"name":"(anonymous_5)","decl":{"start":{"line":27,"column":35},"end":{"line":27,"column":36}},"loc":{"start":{"line":27,"column":42},"end":{"line":27,"column":55}},"line":27},"6":{"name":"playerRotate","decl":{"start":{"line":31,"column":13},"end":{"line":31,"column":25}},"loc":{"start":{"line":31,"column":38},"end":{"line":47,"column":5}},"line":31},"7":{"name":"(anonymous_7)","decl":{"start":{"line":49,"column":28},"end":{"line":49,"column":29}},"loc":{"start":{"line":49,"column":52},"end":{"line":55,"column":5}},"line":49},"8":{"name":"(anonymous_8)","decl":{"start":{"line":50,"column":16},"end":{"line":50,"column":17}},"loc":{"start":{"line":50,"column":25},"end":{"line":54,"column":7}},"line":50},"9":{"name":"(anonymous_9)","decl":{"start":{"line":57,"column":36},"end":{"line":57,"column":37}},"loc":{"start":{"line":57,"column":51},"end":{"line":63,"column":5}},"line":57}},"branchMap":{"0":{"loc":{"start":{"line":27,"column":6},"end":{"line":27,"column":57}},"type":"if","locations":[{"start":{"line":27,"column":6},"end":{"line":27,"column":57}},{"start":{"line":27,"column":6},"end":{"line":27,"column":57}}],"line":27},"1":{"loc":{"start":{"line":39,"column":29},"end":{"line":39,"column":48}},"type":"cond-expr","locations":[{"start":{"line":39,"column":42},"end":{"line":39,"column":43}},{"start":{"line":39,"column":46},"end":{"line":39,"column":48}}],"line":39},"2":{"loc":{"start":{"line":40,"column":8},"end":{"line":44,"column":9}},"type":"if","locations":[{"start":{"line":40,"column":8},"end":{"line":44,"column":9}},{"start":{"line":40,"column":8},"end":{"line":44,"column":9}}],"line":40}},"s":{"0":2,"1":1,"2":0,"3":0,"4":0,"5":0,"6":0,"7":0,"8":0,"9":0,"10":0,"11":0,"12":0,"13":0,"14":0,"15":0,"16":0,"17":0,"18":0,"19":0,"20":0,"21":0,"22":0,"23":0,"24":0,"25":0,"26":0,"27":0,"28":0,"29":0,"30":0},"f":{"0":1,"1":0,"2":0,"3":0,"4":0,"5":0,"6":0,"7":0,"8":0,"9":0},"b":{"0":[0,0],"1":[0,0],"2":[0,0]},"_coverageSchema":"43e27e138ebf9cfc5966b082cf9a028302ed4184","hash":"e4ccf750107df639c1bd7ba9840f41baf7ba5ac5"}
,"/Users/mjoubert/red_tetris/src/client/hook/usePlayerPreview.js": {"path":"/Users/mjoubert/red_tetris/src/client/hook/usePlayerPreview.js","statementMap":{"0":{"start":{"line":5,"column":14},"end":{"line":7,"column":1}},"1":{"start":{"line":9,"column":32},"end":{"line":24,"column":3}},"2":{"start":{"line":10,"column":32},"end":{"line":13,"column":6}},"3":{"start":{"line":15,"column":24},"end":{"line":21,"column":10}},"4":{"start":{"line":16,"column":6},"end":{"line":20,"column":9}},"5":{"start":{"line":23,"column":4},"end":{"line":23,"column":33}}},"fnMap":{"0":{"name":"(anonymous_0)","decl":{"start":{"line":9,"column":32},"end":{"line":9,"column":33}},"loc":{"start":{"line":9,"column":38},"end":{"line":24,"column":3}},"line":9},"1":{"name":"(anonymous_1)","decl":{"start":{"line":15,"column":36},"end":{"line":15,"column":37}},"loc":{"start":{"line":15,"column":51},"end":{"line":21,"column":5}},"line":15}},"branchMap":{},"s":{"0":2,"1":2,"2":3,"3":3,"4":0,"5":3},"f":{"0":3,"1":0},"b":{},"_coverageSchema":"43e27e138ebf9cfc5966b082cf9a028302ed4184","hash":"72dd2ea3d908d33f7a750931cfff102c9dcd6604"}
,"/Users/mjoubert/red_tetris/src/client/hook/usePrevious.js": {"path":"/Users/mjoubert/red_tetris/src/client/hook/usePrevious.js","statementMap":{"0":{"start":{"line":3,"column":27},"end":{"line":15,"column":1}},"1":{"start":{"line":6,"column":16},"end":{"line":6,"column":24}},"2":{"start":{"line":9,"column":4},"end":{"line":11,"column":16}},"3":{"start":{"line":10,"column":6},"end":{"line":10,"column":26}},"4":{"start":{"line":14,"column":4},"end":{"line":14,"column":23}}},"fnMap":{"0":{"name":"(anonymous_0)","decl":{"start":{"line":3,"column":27},"end":{"line":3,"column":28}},"loc":{"start":{"line":3,"column":38},"end":{"line":15,"column":1}},"line":3},"1":{"name":"(anonymous_1)","decl":{"start":{"line":9,"column":14},"end":{"line":9,"column":15}},"loc":{"start":{"line":9,"column":20},"end":{"line":11,"column":5}},"line":9}},"branchMap":{},"s":{"0":2,"1":2,"2":2,"3":2,"4":2},"f":{"0":2,"1":2},"b":{},"_coverageSchema":"43e27e138ebf9cfc5966b082cf9a028302ed4184","hash":"9ab2a14ec4407c257a4bf2af2d5651bc1dce14f0"}
,"/Users/mjoubert/red_tetris/src/client/hook/useStage.js": {"path":"/Users/mjoubert/red_tetris/src/client/hook/useStage.js","statementMap":{"0":{"start":{"line":5,"column":24},"end":{"line":76,"column":3}},"1":{"start":{"line":6,"column":18},"end":{"line":6,"column":28}},"2":{"start":{"line":7,"column":30},"end":{"line":7,"column":53}},"3":{"start":{"line":8,"column":42},"end":{"line":8,"column":53}},"4":{"start":{"line":9,"column":21},"end":{"line":9,"column":51}},"5":{"start":{"line":11,"column":4},"end":{"line":20,"column":19}},"6":{"start":{"line":12,"column":22},"end":{"line":18,"column":7}},"7":{"start":{"line":13,"column":8},"end":{"line":16,"column":9}},"8":{"start":{"line":13,"column":21},"end":{"line":13,"column":22}},"9":{"start":{"line":14,"column":10},"end":{"line":14,"column":22}},"10":{"start":{"line":15,"column":10},"end":{"line":15,"column":68}},"11":{"start":{"line":17,"column":8},"end":{"line":17,"column":19}},"12":{"start":{"line":19,"column":6},"end":{"line":19,"column":85}},"13":{"start":{"line":19,"column":54},"end":{"line":19,"column":85}},"14":{"start":{"line":19,"column":71},"end":{"line":19,"column":84}},"15":{"start":{"line":22,"column":4},"end":{"line":73,"column":7}},"16":{"start":{"line":23,"column":6},"end":{"line":23,"column":24}},"17":{"start":{"line":24,"column":24},"end":{"line":39,"column":7}},"18":{"start":{"line":25,"column":25},"end":{"line":25,"column":26}},"19":{"start":{"line":26,"column":28},"end":{"line":35,"column":14}},"20":{"start":{"line":27,"column":10},"end":{"line":32,"column":11}},"21":{"start":{"line":27,"column":36},"end":{"line":27,"column":49}},"22":{"start":{"line":28,"column":12},"end":{"line":28,"column":27}},"23":{"start":{"line":29,"column":12},"end":{"line":29,"column":45}},"24":{"start":{"line":29,"column":35},"end":{"line":29,"column":43}},"25":{"start":{"line":30,"column":12},"end":{"line":30,"column":74}},"26":{"start":{"line":31,"column":12},"end":{"line":31,"column":23}},"27":{"start":{"line":33,"column":10},"end":{"line":33,"column":24}},"28":{"start":{"line":34,"column":10},"end":{"line":34,"column":21}},"29":{"start":{"line":36,"column":8},"end":{"line":37,"column":38}},"30":{"start":{"line":36,"column":28},"end":{"line":36,"column":62}},"31":{"start":{"line":37,"column":13},"end":{"line":37,"column":38}},"32":{"start":{"line":38,"column":8},"end":{"line":38,"column":26}},"33":{"start":{"line":41,"column":26},"end":{"line":63,"column":7}},"34":{"start":{"line":43,"column":25},"end":{"line":45,"column":9}},"35":{"start":{"line":44,"column":10},"end":{"line":44,"column":70}},"36":{"start":{"line":44,"column":27},"end":{"line":44,"column":68}},"37":{"start":{"line":47,"column":8},"end":{"line":56,"column":11}},"38":{"start":{"line":48,"column":10},"end":{"line":55,"column":13}},"39":{"start":{"line":49,"column":12},"end":{"line":54,"column":13}},"40":{"start":{"line":50,"column":14},"end":{"line":53,"column":16}},"41":{"start":{"line":58,"column":8},"end":{"line":61,"column":9}},"42":{"start":{"line":59,"column":10},"end":{"line":59,"column":61}},"43":{"start":{"line":60,"column":10},"end":{"line":60,"column":37}},"44":{"start":{"line":62,"column":8},"end":{"line":62,"column":24}},"45":{"start":{"line":66,"column":6},"end":{"line":66,"column":42}},"46":{"start":{"line":66,"column":23},"end":{"line":66,"column":40}},"47":{"start":{"line":75,"column":4},"end":{"line":75,"column":42}}},"fnMap":{"0":{"name":"(anonymous_0)","decl":{"start":{"line":5,"column":24},"end":{"line":5,"column":25}},"loc":{"start":{"line":5,"column":60},"end":{"line":76,"column":3}},"line":5},"1":{"name":"(anonymous_1)","decl":{"start":{"line":11,"column":14},"end":{"line":11,"column":15}},"loc":{"start":{"line":11,"column":20},"end":{"line":20,"column":5}},"line":11},"2":{"name":"(anonymous_2)","decl":{"start":{"line":12,"column":22},"end":{"line":12,"column":23}},"loc":{"start":{"line":12,"column":30},"end":{"line":18,"column":7}},"line":12},"3":{"name":"(anonymous_3)","decl":{"start":{"line":19,"column":63},"end":{"line":19,"column":64}},"loc":{"start":{"line":19,"column":71},"end":{"line":19,"column":84}},"line":19},"4":{"name":"(anonymous_4)","decl":{"start":{"line":22,"column":14},"end":{"line":22,"column":15}},"loc":{"start":{"line":22,"column":20},"end":{"line":67,"column":5}},"line":22},"5":{"name":"(anonymous_5)","decl":{"start":{"line":24,"column":24},"end":{"line":24,"column":25}},"loc":{"start":{"line":24,"column":36},"end":{"line":39,"column":7}},"line":24},"6":{"name":"(anonymous_6)","decl":{"start":{"line":26,"column":44},"end":{"line":26,"column":45}},"loc":{"start":{"line":26,"column":58},"end":{"line":35,"column":9}},"line":26},"7":{"name":"(anonymous_7)","decl":{"start":{"line":27,"column":28},"end":{"line":27,"column":29}},"loc":{"start":{"line":27,"column":36},"end":{"line":27,"column":49}},"line":27},"8":{"name":"(anonymous_8)","decl":{"start":{"line":29,"column":27},"end":{"line":29,"column":28}},"loc":{"start":{"line":29,"column":35},"end":{"line":29,"column":43}},"line":29},"9":{"name":"(anonymous_9)","decl":{"start":{"line":41,"column":26},"end":{"line":41,"column":27}},"loc":{"start":{"line":41,"column":39},"end":{"line":63,"column":7}},"line":41},"10":{"name":"(anonymous_10)","decl":{"start":{"line":43,"column":39},"end":{"line":43,"column":40}},"loc":{"start":{"line":44,"column":10},"end":{"line":44,"column":70}},"line":44},"11":{"name":"(anonymous_11)","decl":{"start":{"line":44,"column":18},"end":{"line":44,"column":19}},"loc":{"start":{"line":44,"column":27},"end":{"line":44,"column":68}},"line":44},"12":{"name":"(anonymous_12)","decl":{"start":{"line":47,"column":33},"end":{"line":47,"column":34}},"loc":{"start":{"line":47,"column":45},"end":{"line":56,"column":9}},"line":47},"13":{"name":"(anonymous_13)","decl":{"start":{"line":48,"column":22},"end":{"line":48,"column":23}},"loc":{"start":{"line":48,"column":36},"end":{"line":55,"column":11}},"line":48},"14":{"name":"(anonymous_14)","decl":{"start":{"line":66,"column":15},"end":{"line":66,"column":16}},"loc":{"start":{"line":66,"column":23},"end":{"line":66,"column":40}},"line":66}},"branchMap":{"0":{"loc":{"start":{"line":19,"column":6},"end":{"line":19,"column":85}},"type":"if","locations":[{"start":{"line":19,"column":6},"end":{"line":19,"column":85}},{"start":{"line":19,"column":6},"end":{"line":19,"column":85}}],"line":19},"1":{"loc":{"start":{"line":19,"column":10},"end":{"line":19,"column":52}},"type":"binary-expr","locations":[{"start":{"line":19,"column":10},"end":{"line":19,"column":22}},{"start":{"line":19,"column":26},"end":{"line":19,"column":52}}],"line":19},"2":{"loc":{"start":{"line":27,"column":10},"end":{"line":32,"column":11}},"type":"if","locations":[{"start":{"line":27,"column":10},"end":{"line":32,"column":11}},{"start":{"line":27,"column":10},"end":{"line":32,"column":11}}],"line":27},"3":{"loc":{"start":{"line":27,"column":14},"end":{"line":27,"column":78}},"type":"binary-expr","locations":[{"start":{"line":27,"column":14},"end":{"line":27,"column":57}},{"start":{"line":27,"column":61},"end":{"line":27,"column":78}}],"line":27},"4":{"loc":{"start":{"line":36,"column":8},"end":{"line":37,"column":38}},"type":"if","locations":[{"start":{"line":36,"column":8},"end":{"line":37,"column":38}},{"start":{"line":36,"column":8},"end":{"line":37,"column":38}}],"line":36},"5":{"loc":{"start":{"line":44,"column":27},"end":{"line":44,"column":68}},"type":"cond-expr","locations":[{"start":{"line":44,"column":49},"end":{"line":44,"column":61}},{"start":{"line":44,"column":64},"end":{"line":44,"column":68}}],"line":44},"6":{"loc":{"start":{"line":49,"column":12},"end":{"line":54,"column":13}},"type":"if","locations":[{"start":{"line":49,"column":12},"end":{"line":54,"column":13}},{"start":{"line":49,"column":12},"end":{"line":54,"column":13}}],"line":49},"7":{"loc":{"start":{"line":52,"column":19},"end":{"line":52,"column":55}},"type":"cond-expr","locations":[{"start":{"line":52,"column":37},"end":{"line":52,"column":45}},{"start":{"line":52,"column":48},"end":{"line":52,"column":55}}],"line":52},"8":{"loc":{"start":{"line":58,"column":8},"end":{"line":61,"column":9}},"type":"if","locations":[{"start":{"line":58,"column":8},"end":{"line":61,"column":9}},{"start":{"line":58,"column":8},"end":{"line":61,"column":9}}],"line":58}},"s":{"0":1,"1":0,"2":0,"3":0,"4":0,"5":0,"6":0,"7":0,"8":0,"9":0,"10":0,"11":0,"12":0,"13":0,"14":0,"15":0,"16":0,"17":0,"18":0,"19":0,"20":0,"21":0,"22":0,"23":0,"24":0,"25":0,"26":0,"27":0,"28":0,"29":0,"30":0,"31":0,"32":0,"33":0,"34":0,"35":0,"36":0,"37":0,"38":0,"39":0,"40":0,"41":0,"42":0,"43":0,"44":0,"45":0,"46":0,"47":0},"f":{"0":0,"1":0,"2":0,"3":0,"4":0,"5":0,"6":0,"7":0,"8":0,"9":0,"10":0,"11":0,"12":0,"13":0,"14":0},"b":{"0":[0,0],"1":[0,0],"2":[0,0],"3":[0,0],"4":[0,0],"5":[0,0],"6":[0,0],"7":[0,0],"8":[0,0]},"_coverageSchema":"43e27e138ebf9cfc5966b082cf9a028302ed4184","hash":"37d20522ceb27e32285ecc1f6316634262b9a61d"}
,"/Users/mjoubert/red_tetris/src/client/hook/useStagePreview.js": {"path":"/Users/mjoubert/red_tetris/src/client/hook/useStagePreview.js","statementMap":{"0":{"start":{"line":4,"column":31},"end":{"line":57,"column":3}},"1":{"start":{"line":5,"column":30},"end":{"line":5,"column":60}},"2":{"start":{"line":6,"column":42},"end":{"line":6,"column":53}},"3":{"start":{"line":8,"column":4},"end":{"line":54,"column":7}},"4":{"start":{"line":9,"column":6},"end":{"line":9,"column":24}},"5":{"start":{"line":10,"column":24},"end":{"line":19,"column":14}},"6":{"start":{"line":11,"column":8},"end":{"line":19,"column":14}},"7":{"start":{"line":12,"column":10},"end":{"line":16,"column":11}},"8":{"start":{"line":12,"column":36},"end":{"line":12,"column":49}},"9":{"start":{"line":13,"column":12},"end":{"line":13,"column":45}},"10":{"start":{"line":13,"column":35},"end":{"line":13,"column":43}},"11":{"start":{"line":14,"column":12},"end":{"line":14,"column":74}},"12":{"start":{"line":15,"column":12},"end":{"line":15,"column":23}},"13":{"start":{"line":17,"column":10},"end":{"line":17,"column":24}},"14":{"start":{"line":18,"column":10},"end":{"line":18,"column":21}},"15":{"start":{"line":21,"column":26},"end":{"line":44,"column":7}},"16":{"start":{"line":23,"column":25},"end":{"line":25,"column":9}},"17":{"start":{"line":24,"column":10},"end":{"line":24,"column":70}},"18":{"start":{"line":24,"column":27},"end":{"line":24,"column":68}},"19":{"start":{"line":28,"column":8},"end":{"line":37,"column":11}},"20":{"start":{"line":29,"column":10},"end":{"line":36,"column":13}},"21":{"start":{"line":30,"column":12},"end":{"line":35,"column":13}},"22":{"start":{"line":31,"column":14},"end":{"line":34,"column":16}},"23":{"start":{"line":39,"column":8},"end":{"line":42,"column":9}},"24":{"start":{"line":40,"column":10},"end":{"line":40,"column":24}},"25":{"start":{"line":41,"column":10},"end":{"line":41,"column":37}},"26":{"start":{"line":43,"column":8},"end":{"line":43,"column":24}},"27":{"start":{"line":47,"column":6},"end":{"line":47,"column":42}},"28":{"start":{"line":47,"column":23},"end":{"line":47,"column":40}},"29":{"start":{"line":56,"column":4},"end":{"line":56,"column":42}}},"fnMap":{"0":{"name":"(anonymous_0)","decl":{"start":{"line":4,"column":31},"end":{"line":4,"column":32}},"loc":{"start":{"line":4,"column":56},"end":{"line":57,"column":3}},"line":4},"1":{"name":"(anonymous_1)","decl":{"start":{"line":8,"column":14},"end":{"line":8,"column":15}},"loc":{"start":{"line":8,"column":20},"end":{"line":48,"column":5}},"line":8},"2":{"name":"(anonymous_2)","decl":{"start":{"line":10,"column":24},"end":{"line":10,"column":25}},"loc":{"start":{"line":11,"column":8},"end":{"line":19,"column":14}},"line":11},"3":{"name":"(anonymous_3)","decl":{"start":{"line":11,"column":24},"end":{"line":11,"column":25}},"loc":{"start":{"line":11,"column":38},"end":{"line":19,"column":9}},"line":11},"4":{"name":"(anonymous_4)","decl":{"start":{"line":12,"column":28},"end":{"line":12,"column":29}},"loc":{"start":{"line":12,"column":36},"end":{"line":12,"column":49}},"line":12},"5":{"name":"(anonymous_5)","decl":{"start":{"line":13,"column":27},"end":{"line":13,"column":28}},"loc":{"start":{"line":13,"column":35},"end":{"line":13,"column":43}},"line":13},"6":{"name":"(anonymous_6)","decl":{"start":{"line":21,"column":26},"end":{"line":21,"column":27}},"loc":{"start":{"line":21,"column":39},"end":{"line":44,"column":7}},"line":21},"7":{"name":"(anonymous_7)","decl":{"start":{"line":23,"column":39},"end":{"line":23,"column":40}},"loc":{"start":{"line":24,"column":10},"end":{"line":24,"column":70}},"line":24},"8":{"name":"(anonymous_8)","decl":{"start":{"line":24,"column":18},"end":{"line":24,"column":19}},"loc":{"start":{"line":24,"column":27},"end":{"line":24,"column":68}},"line":24},"9":{"name":"(anonymous_9)","decl":{"start":{"line":28,"column":33},"end":{"line":28,"column":34}},"loc":{"start":{"line":28,"column":45},"end":{"line":37,"column":9}},"line":28},"10":{"name":"(anonymous_10)","decl":{"start":{"line":29,"column":22},"end":{"line":29,"column":23}},"loc":{"start":{"line":29,"column":36},"end":{"line":36,"column":11}},"line":29},"11":{"name":"(anonymous_11)","decl":{"start":{"line":47,"column":15},"end":{"line":47,"column":16}},"loc":{"start":{"line":47,"column":23},"end":{"line":47,"column":40}},"line":47}},"branchMap":{"0":{"loc":{"start":{"line":12,"column":10},"end":{"line":16,"column":11}},"type":"if","locations":[{"start":{"line":12,"column":10},"end":{"line":16,"column":11}},{"start":{"line":12,"column":10},"end":{"line":16,"column":11}}],"line":12},"1":{"loc":{"start":{"line":24,"column":27},"end":{"line":24,"column":68}},"type":"cond-expr","locations":[{"start":{"line":24,"column":49},"end":{"line":24,"column":61}},{"start":{"line":24,"column":64},"end":{"line":24,"column":68}}],"line":24},"2":{"loc":{"start":{"line":30,"column":12},"end":{"line":35,"column":13}},"type":"if","locations":[{"start":{"line":30,"column":12},"end":{"line":35,"column":13}},{"start":{"line":30,"column":12},"end":{"line":35,"column":13}}],"line":30},"3":{"loc":{"start":{"line":33,"column":19},"end":{"line":33,"column":55}},"type":"cond-expr","locations":[{"start":{"line":33,"column":37},"end":{"line":33,"column":45}},{"start":{"line":33,"column":48},"end":{"line":33,"column":55}}],"line":33},"4":{"loc":{"start":{"line":39,"column":8},"end":{"line":42,"column":9}},"type":"if","locations":[{"start":{"line":39,"column":8},"end":{"line":42,"column":9}},{"start":{"line":39,"column":8},"end":{"line":42,"column":9}}],"line":39}},"s":{"0":2,"1":3,"2":3,"3":3,"4":1,"5":1,"6":0,"7":0,"8":0,"9":0,"10":0,"11":0,"12":0,"13":0,"14":0,"15":1,"16":1,"17":4,"18":40,"19":1,"20":1,"21":1,"22":0,"23":1,"24":0,"25":0,"26":1,"27":1,"28":1,"29":3},"f":{"0":3,"1":1,"2":0,"3":0,"4":0,"5":0,"6":1,"7":4,"8":40,"9":1,"10":1,"11":1},"b":{"0":[0,0],"1":[40,0],"2":[0,1],"3":[0,0],"4":[0,1]},"_coverageSchema":"43e27e138ebf9cfc5966b082cf9a028302ed4184","hash":"9fad6b24f2c5097789309e3ba805176bd1e8df87"}
,"/Users/mjoubert/red_tetris/src/client/middleware/socketMiddleWare.js": {"path":"/Users/mjoubert/red_tetris/src/client/middleware/socketMiddleWare.js","statementMap":{"0":{"start":{"line":1,"column":25},"end":{"line":35,"column":1}},"1":{"start":{"line":2,"column":4},"end":{"line":34,"column":5}},"2":{"start":{"line":2,"column":19},"end":{"line":34,"column":5}},"3":{"start":{"line":3,"column":8},"end":{"line":33,"column":9}},"4":{"start":{"line":4,"column":12},"end":{"line":4,"column":60}},"5":{"start":{"line":5,"column":12},"end":{"line":8,"column":14}},"6":{"start":{"line":6,"column":16},"end":{"line":6,"column":35}},"7":{"start":{"line":7,"column":16},"end":{"line":7,"column":35}},"8":{"start":{"line":9,"column":15},"end":{"line":33,"column":9}},"9":{"start":{"line":10,"column":12},"end":{"line":10,"column":58}},"10":{"start":{"line":11,"column":12},"end":{"line":14,"column":14}},"11":{"start":{"line":12,"column":16},"end":{"line":12,"column":41}},"12":{"start":{"line":13,"column":16},"end":{"line":13,"column":35}},"13":{"start":{"line":15,"column":15},"end":{"line":33,"column":9}},"14":{"start":{"line":16,"column":12},"end":{"line":16,"column":37}},"15":{"start":{"line":17,"column":12},"end":{"line":17,"column":18}},"16":{"start":{"line":18,"column":15},"end":{"line":33,"column":9}},"17":{"start":{"line":19,"column":12},"end":{"line":19,"column":80}},"18":{"start":{"line":20,"column":12},"end":{"line":23,"column":14}},"19":{"start":{"line":21,"column":16},"end":{"line":21,"column":38}},"20":{"start":{"line":22,"column":16},"end":{"line":22,"column":35}},"21":{"start":{"line":24,"column":15},"end":{"line":33,"column":9}},"22":{"start":{"line":25,"column":12},"end":{"line":25,"column":60}},"23":{"start":{"line":26,"column":15},"end":{"line":33,"column":9}},"24":{"start":{"line":27,"column":12},"end":{"line":27,"column":76}},"25":{"start":{"line":28,"column":15},"end":{"line":33,"column":9}},"26":{"start":{"line":29,"column":12},"end":{"line":29,"column":130}},"27":{"start":{"line":30,"column":12},"end":{"line":30,"column":31}},"28":{"start":{"line":32,"column":12},"end":{"line":32,"column":31}}},"fnMap":{"0":{"name":"(anonymous_0)","decl":{"start":{"line":1,"column":25},"end":{"line":1,"column":26}},"loc":{"start":{"line":1,"column":31},"end":{"line":35,"column":1}},"line":1},"1":{"name":"(anonymous_1)","decl":{"start":{"line":2,"column":11},"end":{"line":2,"column":12}},"loc":{"start":{"line":2,"column":19},"end":{"line":34,"column":5}},"line":2},"2":{"name":"(anonymous_2)","decl":{"start":{"line":2,"column":19},"end":{"line":2,"column":20}},"loc":{"start":{"line":2,"column":31},"end":{"line":34,"column":5}},"line":2},"3":{"name":"(anonymous_3)","decl":{"start":{"line":5,"column":37},"end":{"line":5,"column":38}},"loc":{"start":{"line":5,"column":46},"end":{"line":8,"column":13}},"line":5},"4":{"name":"(anonymous_4)","decl":{"start":{"line":11,"column":38},"end":{"line":11,"column":39}},"loc":{"start":{"line":11,"column":53},"end":{"line":14,"column":13}},"line":11},"5":{"name":"(anonymous_5)","decl":{"start":{"line":20,"column":38},"end":{"line":20,"column":39}},"loc":{"start":{"line":20,"column":50},"end":{"line":23,"column":13}},"line":20}},"branchMap":{"0":{"loc":{"start":{"line":3,"column":8},"end":{"line":33,"column":9}},"type":"if","locations":[{"start":{"line":3,"column":8},"end":{"line":33,"column":9}},{"start":{"line":3,"column":8},"end":{"line":33,"column":9}}],"line":3},"1":{"loc":{"start":{"line":9,"column":15},"end":{"line":33,"column":9}},"type":"if","locations":[{"start":{"line":9,"column":15},"end":{"line":33,"column":9}},{"start":{"line":9,"column":15},"end":{"line":33,"column":9}}],"line":9},"2":{"loc":{"start":{"line":15,"column":15},"end":{"line":33,"column":9}},"type":"if","locations":[{"start":{"line":15,"column":15},"end":{"line":33,"column":9}},{"start":{"line":15,"column":15},"end":{"line":33,"column":9}}],"line":15},"3":{"loc":{"start":{"line":18,"column":15},"end":{"line":33,"column":9}},"type":"if","locations":[{"start":{"line":18,"column":15},"end":{"line":33,"column":9}},{"start":{"line":18,"column":15},"end":{"line":33,"column":9}}],"line":18},"4":{"loc":{"start":{"line":24,"column":15},"end":{"line":33,"column":9}},"type":"if","locations":[{"start":{"line":24,"column":15},"end":{"line":33,"column":9}},{"start":{"line":24,"column":15},"end":{"line":33,"column":9}}],"line":24},"5":{"loc":{"start":{"line":26,"column":15},"end":{"line":33,"column":9}},"type":"if","locations":[{"start":{"line":26,"column":15},"end":{"line":33,"column":9}},{"start":{"line":26,"column":15},"end":{"line":33,"column":9}}],"line":26},"6":{"loc":{"start":{"line":28,"column":15},"end":{"line":33,"column":9}},"type":"if","locations":[{"start":{"line":28,"column":15},"end":{"line":33,"column":9}},{"start":{"line":28,"column":15},"end":{"line":33,"column":9}}],"line":28}},"s":{"0":1,"1":1,"2":1,"3":1,"4":1,"5":1,"6":0,"7":0,"8":0,"9":0,"10":0,"11":0,"12":0,"13":0,"14":0,"15":0,"16":0,"17":0,"18":0,"19":0,"20":0,"21":0,"22":0,"23":0,"24":0,"25":0,"26":0,"27":0,"28":0},"f":{"0":1,"1":1,"2":1,"3":0,"4":0,"5":0},"b":{"0":[1,0],"1":[0,0],"2":[0,0],"3":[0,0],"4":[0,0],"5":[0,0],"6":[0,0]},"_coverageSchema":"43e27e138ebf9cfc5966b082cf9a028302ed4184","hash":"6dd42044ccb5c3792d62eef83639aa43c2bc2856"}
,"/Users/mjoubert/red_tetris/src/client/reducers/alert.js": {"path":"/Users/mjoubert/red_tetris/src/client/reducers/alert.js","statementMap":{"0":{"start":{"line":3,"column":16},"end":{"line":10,"column":1}},"1":{"start":{"line":4,"column":2},"end":{"line":9,"column":3}},"2":{"start":{"line":6,"column":6},"end":{"line":6,"column":40}},"3":{"start":{"line":8,"column":6},"end":{"line":8,"column":18}}},"fnMap":{"0":{"name":"(anonymous_0)","decl":{"start":{"line":3,"column":16},"end":{"line":3,"column":17}},"loc":{"start":{"line":3,"column":41},"end":{"line":10,"column":1}},"line":3}},"branchMap":{"0":{"loc":{"start":{"line":3,"column":17},"end":{"line":3,"column":27}},"type":"default-arg","locations":[{"start":{"line":3,"column":25},"end":{"line":3,"column":27}}],"line":3},"1":{"loc":{"start":{"line":4,"column":2},"end":{"line":9,"column":3}},"type":"switch","locations":[{"start":{"line":5,"column":4},"end":{"line":6,"column":40}},{"start":{"line":7,"column":4},"end":{"line":8,"column":18}}],"line":4}},"s":{"0":1,"1":3,"2":0,"3":3},"f":{"0":3},"b":{"0":[3],"1":[0,3]},"_coverageSchema":"43e27e138ebf9cfc5966b082cf9a028302ed4184","hash":"1275f7a8a878719bf783726da53841053beb8c0f"}
,"/Users/mjoubert/red_tetris/src/client/reducers/game.js": {"path":"/Users/mjoubert/red_tetris/src/client/reducers/game.js","statementMap":{"0":{"start":{"line":3,"column":21},"end":{"line":18,"column":1}},"1":{"start":{"line":20,"column":16},"end":{"line":94,"column":1}},"2":{"start":{"line":21,"column":2},"end":{"line":93,"column":3}},"3":{"start":{"line":23,"column":6},"end":{"line":28,"column":7}},"4":{"start":{"line":30,"column":6},"end":{"line":45,"column":7}},"5":{"start":{"line":47,"column":8},"end":{"line":54,"column":9}},"6":{"start":{"line":56,"column":6},"end":{"line":63,"column":7}},"7":{"start":{"line":65,"column":6},"end":{"line":68,"column":7}},"8":{"start":{"line":70,"column":6},"end":{"line":74,"column":7}},"9":{"start":{"line":76,"column":6},"end":{"line":79,"column":7}},"10":{"start":{"line":81,"column":6},"end":{"line":84,"column":7}},"11":{"start":{"line":86,"column":6},"end":{"line":90,"column":7}},"12":{"start":{"line":92,"column":6},"end":{"line":92,"column":18}}},"fnMap":{"0":{"name":"(anonymous_0)","decl":{"start":{"line":20,"column":16},"end":{"line":20,"column":17}},"loc":{"start":{"line":20,"column":51},"end":{"line":94,"column":1}},"line":20}},"branchMap":{"0":{"loc":{"start":{"line":20,"column":17},"end":{"line":20,"column":37}},"type":"default-arg","locations":[{"start":{"line":20,"column":25},"end":{"line":20,"column":37}}],"line":20},"1":{"loc":{"start":{"line":21,"column":2},"end":{"line":93,"column":3}},"type":"switch","locations":[{"start":{"line":22,"column":4},"end":{"line":28,"column":7}},{"start":{"line":29,"column":4},"end":{"line":45,"column":7}},{"start":{"line":46,"column":4},"end":{"line":54,"column":9}},{"start":{"line":55,"column":4},"end":{"line":63,"column":7}},{"start":{"line":64,"column":4},"end":{"line":68,"column":7}},{"start":{"line":69,"column":4},"end":{"line":74,"column":7}},{"start":{"line":75,"column":4},"end":{"line":79,"column":7}},{"start":{"line":80,"column":4},"end":{"line":84,"column":7}},{"start":{"line":85,"column":4},"end":{"line":90,"column":7}},{"start":{"line":91,"column":4},"end":{"line":92,"column":18}}],"line":21},"2":{"loc":{"start":{"line":37,"column":15},"end":{"line":37,"column":71}},"type":"cond-expr","locations":[{"start":{"line":37,"column":35},"end":{"line":37,"column":38}},{"start":{"line":37,"column":41},"end":{"line":37,"column":71}}],"line":37},"3":{"loc":{"start":{"line":50,"column":15},"end":{"line":50,"column":60}},"type":"cond-expr","locations":[{"start":{"line":50,"column":35},"end":{"line":50,"column":52}},{"start":{"line":50,"column":55},"end":{"line":50,"column":60}}],"line":50},"4":{"loc":{"start":{"line":51,"column":26},"end":{"line":51,"column":90}},"type":"cond-expr","locations":[{"start":{"line":51,"column":48},"end":{"line":51,"column":67}},{"start":{"line":51,"column":70},"end":{"line":51,"column":90}}],"line":51},"5":{"loc":{"start":{"line":53,"column":24},"end":{"line":53,"column":100}},"type":"cond-expr","locations":[{"start":{"line":53,"column":53},"end":{"line":53,"column":79}},{"start":{"line":53,"column":82},"end":{"line":53,"column":100}}],"line":53},"6":{"loc":{"start":{"line":58,"column":16},"end":{"line":58,"column":101}},"type":"cond-expr","locations":[{"start":{"line":58,"column":42},"end":{"line":58,"column":86}},{"start":{"line":58,"column":89},"end":{"line":58,"column":101}}],"line":58},"7":{"loc":{"start":{"line":59,"column":15},"end":{"line":59,"column":76}},"type":"cond-expr","locations":[{"start":{"line":59,"column":40},"end":{"line":59,"column":62}},{"start":{"line":59,"column":65},"end":{"line":59,"column":76}}],"line":59},"8":{"loc":{"start":{"line":61,"column":22},"end":{"line":61,"column":92}},"type":"cond-expr","locations":[{"start":{"line":61,"column":48},"end":{"line":61,"column":71}},{"start":{"line":61,"column":74},"end":{"line":61,"column":92}}],"line":61},"9":{"loc":{"start":{"line":62,"column":18},"end":{"line":62,"column":88}},"type":"cond-expr","locations":[{"start":{"line":62,"column":46},"end":{"line":62,"column":71}},{"start":{"line":62,"column":74},"end":{"line":62,"column":88}}],"line":62},"10":{"loc":{"start":{"line":73,"column":14},"end":{"line":73,"column":58}},"type":"cond-expr","locations":[{"start":{"line":73,"column":35},"end":{"line":73,"column":53}},{"start":{"line":73,"column":56},"end":{"line":
[...]
25},"end":{"line":8,"column":39}},"10":{"start":{"line":9,"column":21},"end":{"line":9,"column":55}},"11":{"start":{"line":10,"column":6},"end":{"line":10,"column":28}},"12":{"start":{"line":11,"column":19},"end":{"line":11,"column":61}},"13":{"start":{"line":12,"column":6},"end":{"line":14,"column":7}},"14":{"start":{"line":12,"column":19},"end":{"line":12,"column":20}},"15":{"start":{"line":13,"column":8},"end":{"line":13,"column":54}},"16":{"start":{"line":15,"column":6},"end":{"line":15,"column":30}},"17":{"start":{"line":16,"column":6},"end":{"line":16,"column":22}},"18":{"start":{"line":17,"column":6},"end":{"line":17,"column":94}},"19":{"start":{"line":18,"column":6},"end":{"line":18,"column":28}},"20":{"start":{"line":20,"column":21},"end":{"line":20,"column":55}},"21":{"start":{"line":21,"column":6},"end":{"line":21,"column":28}},"22":{"start":{"line":22,"column":6},"end":{"line":38,"column":6}},"23":{"start":{"line":23,"column":6},"end":{"line":36,"column":7}},"24":{"start":{"line":24,"column":8},"end":{"line":35,"column":9}},"25":{"start":{"line":24,"column":33},"end":{"line":24,"column":132}},"26":{"start":{"line":26,"column":23},"end":{"line":26,"column":80}},"27":{"start":{"line":26,"column":52},"end":{"line":26,"column":79}},"28":{"start":{"line":27,"column":10},"end":{"line":34,"column":11}},"29":{"start":{"line":27,"column":23},"end":{"line":27,"column":133}},"30":{"start":{"line":28,"column":15},"end":{"line":34,"column":11}},"31":{"start":{"line":28,"column":44},"end":{"line":28,"column":127}},"32":{"start":{"line":29,"column":15},"end":{"line":34,"column":11}},"33":{"start":{"line":29,"column":44},"end":{"line":29,"column":130}},"34":{"start":{"line":31,"column":12},"end":{"line":31,"column":36}},"35":{"start":{"line":32,"column":12},"end":{"line":32,"column":86}},"36":{"start":{"line":33,"column":12},"end":{"line":33,"column":34}},"37":{"start":{"line":37,"column":6},"end":{"line":37,"column":17}},"38":{"start":{"line":40,"column":2},"end":{"line":40,"column":14}},"39":{"start":{"line":43,"column":0},"end":{"line":43,"column":26}}},"fnMap":{"0":{"name":"(anonymous_0)","decl":{"start":{"line":3,"column":18},"end":{"line":3,"column":19}},"loc":{"start":{"line":3,"column":37},"end":{"line":41,"column":1}},"line":3},"1":{"name":"(anonymous_1)","decl":{"start":{"line":4,"column":30},"end":{"line":4,"column":31}},"loc":{"start":{"line":4,"column":39},"end":{"line":4,"column":67}},"line":4},"2":{"name":"(anonymous_2)","decl":{"start":{"line":22,"column":24},"end":{"line":22,"column":25}},"loc":{"start":{"line":22,"column":32},"end":{"line":38,"column":5}},"line":22},"3":{"name":"(anonymous_3)","decl":{"start":{"line":26,"column":42},"end":{"line":26,"column":43}},"loc":{"start":{"line":26,"column":52},"end":{"line":26,"column":79}},"line":26}},"branchMap":{"0":{"loc":{"start":{"line":5,"column":4},"end":{"line":39,"column":3}},"type":"if","locations":[{"start":{"line":5,"column":4},"end":{"line":39,"column":3}},{"start":{"line":5,"column":4},"end":{"line":39,"column":3}}],"line":5},"1":{"loc":{"start":{"line":6,"column":6},"end":{"line":6,"column":134}},"type":"if","locations":[{"start":{"line":6,"column":6},"end":{"line":6,"column":134}},{"start":{"line":6,"column":6},"end":{"line":6,"column":134}}],"line":6},"2":{"loc":{"start":{"line":7,"column":6},"end":{"line":7,"column":128}},"type":"if","locations":[{"start":{"line":7,"column":6},"end":{"line":7,"column":128}},{"start":{"line":7,"column":6},"end":{"line":7,"column":128}}],"line":7},"3":{"loc":{"start":{"line":23,"column":6},"end":{"line":36,"column":7}},"type":"if","locations":[{"start":{"line":23,"column":6},"end":{"line":36,"column":7}},{"start":{"line":23,"column":6},"end":{"line":36,"column":7}}],"line":23},"4":{"loc":{"start":{"line":24,"column":8},"end":{"line":35,"column":9}},"type":"if","locations":[{"start":{"line":24,"column":8},"end":{"line":35,"column":9}},{"start":{"line":24,"column":8},"end":{"line":35,"column":9}}],"line":24},"5":{"loc":{"start":{"line":27,"column":10},"end":{"line":34,"column":11}},"type":"if","locations":[{"start":{"line":27,"column":10},"end":{"line":34,"column":11}},{"start":{"line":27,"column":10},"end":{"line":34,"column":11}}],"line":27},"6":{"loc":{"start":{"line":28,"column":15},"end":{"line":34,"column":11}},"type":"if","locations":[{"start":{"line":28,"column":15},"end":{"line":34,"column":11}},{"start":{"line":28,"column":15},"end":{"line":34,"column":11}}],"line":28},"7":{"loc":{"start":{"line":29,"column":15},"end":{"line":34,"column":11}},"type":"if","locations":[{"start":{"line":29,"column":15},"end":{"line":34,"column":11}},{"start":{"line":29,"column":15},"end":{"line":34,"column":11}}],"line":29},"8":{"loc":{"start":{"line":29,"column":19},"end":{"line":29,"column":42}},"type":"binary-expr","locations":[{"start":{"line":29,"column":19},"end":{"line":29,"column":29}},{"start":{"line":29,"column":33},"end":{"line":29,"column":42}}],"line":29}},"s":{"0":0,"1":0,"2":0,"3":0,"4":0,"5":0,"6":0,"7":0,"8":0,"9":0,"10":0,"11":0,"12":0,"13":0,"14":0,"15":0,"16":0,"17":0,"18":0,"19":0,"20":0,"21":0,"22":0,"23":0,"24":0,"25":0,"26":0,"27":0,"28":0,"29":0,"30":0,"31":0,"32":0,"33":0,"34":0,"35":0,"36":0,"37":0,"38":0,"39":0},"f":{"0":0,"1":0,"2":0,"3":0},"b":{"0":[0,0],"1":[0,0],"2":[0,0],"3":[0,0],"4":[0,0],"5":[0,0],"6":[0,0],"7":[0,0],"8":[0,0]},"hash":"d4b685a0a4ca8f005f5e35ec4dc0bb7ec9ab3b13"}
,"/Users/mjoubert/red_tetris/src/server/controllers/newShapes.js": {"path":"/Users/mjoubert/red_tetris/src/server/controllers/newShapes.js","statementMap":{"0":{"start":{"line":1,"column":23},"end":{"line":1,"column":43}},"1":{"start":{"line":3,"column":18},"end":{"line":34,"column":1}},"2":{"start":{"line":4,"column":19},"end":{"line":4,"column":21}},"3":{"start":{"line":5,"column":20},"end":{"line":5,"column":22}},"4":{"start":{"line":6,"column":4},"end":{"line":32,"column":6}},"5":{"start":{"line":7,"column":8},"end":{"line":30,"column":9}},"6":{"start":{"line":8,"column":12},"end":{"line":20,"column":14}},"7":{"start":{"line":9,"column":16},"end":{"line":9,"column":71}},"8":{"start":{"line":9,"column":51},"end":{"line":9,"column":71}},"9":{"start":{"line":10,"column":16},"end":{"line":10,"column":109}},"10":{"start":{"line":10,"column":37},"end":{"line":10,"column":109}},"11":{"start":{"line":11,"column":16},"end":{"line":18,"column":17}},"12":{"start":{"line":12,"column":39},"end":{"line":12,"column":53}},"13":{"start":{"line":13,"column":20},"end":{"line":17,"column":21}},"14":{"start":{"line":13,"column":33},"end":{"line":13,"column":34}},"15":{"start":{"line":14,"column":36},"end":{"line":14,"column":64}},"16":{"start":{"line":15,"column":24},"end":{"line":15,"column":47}},"17":{"start":{"line":16,"column":24},"end":{"line":16,"column":43}},"18":{"start":{"line":19,"column":16},"end":{"line":19,"column":29}},"19":{"start":{"line":21,"column":12},"end":{"line":25,"column":14}},"20":{"start":{"line":26,"column":12},"end":{"line":29,"column":14}},"21":{"start":{"line":31,"column":8},"end":{"line":31,"column":19}},"22":{"start":{"line":33,"column":4},"end":{"line":33,"column":16}},"23":{"start":{"line":36,"column":0},"end":{"line":36,"column":26}}},"fnMap":{"0":{"name":"(anonymous_0)","decl":{"start":{"line":3,"column":18},"end":{"line":3,"column":19}},"loc":{"start":{"line":3,"column":66},"end":{"line":34,"column":1}},"line":3},"1":{"name":"(anonymous_1)","decl":{"start":{"line":6,"column":22},"end":{"line":6,"column":23}},"loc":{"start":{"line":6,"column":30},"end":{"line":32,"column":5}},"line":6},"2":{"name":"(anonymous_2)","decl":{"start":{"line":8,"column":42},"end":{"line":8,"column":43}},"loc":{"start":{"line":8,"column":52},"end":{"line":20,"column":13}},"line":8}},"branchMap":{"0":{"loc":{"start":{"line":7,"column":8},"end":{"line":30,"column":9}},"type":"if","locations":[{"start":{"line":7,"column":8},"end":{"line":30,"column":9}},{"start":{"line":7,"column":8},"end":{"line":30,"column":9}}],"line":7},"1":{"loc":{"start":{"line":9,"column":16},"end":{"line":9,"column":71}},"type":"if","locations":[{"start":{"line":9,"column":16},"end":{"line":9,"column":71}},{"start":{"line":9,"column":16},"end":{"line":9,"column":71}}],"line":9},"2":{"loc":{"start":{"line":10,"column":16},"end":{"line":10,"column":109}},"type":"if","locations":[{"start":{"line":10,"column":16},"end":{"line":10,"column":109}},{"start":{"line":10,"column":16},"end":{"line":10,"column":109}}],"line":10},"3":{"loc":{"start":{"line":11,"column":16},"end":{"line":18,"column":17}},"type":"if","locations":[{"start":{"line":11,"column":16},"end":{"line":18,"column":17}},{"start":{"line":11,"column":16},"end":{"line":18,"column":17}}],"line":11},"4":{"loc":{"start":{"line":11,"column":20},"end":{"line":11,"column":66}},"type":"binary-expr","locations":[{"start":{"line":11,"column":20},"end":{"line":11,"column":51}},{"start":{"line":11,"column":55},"end":{"line":11,"column":66}}],"line":11},"5":{"loc":{"start":{"line":22,"column":24},"end":{"line":22,"column":48}},"type":"cond-expr","locations":[{"start":{"line":22,"column":34},"end":{"line":22,"column":41}},{"start":{"line":22,"column":44},"end":{"line":22,"column":48}}],"line":22},"6":{"loc":{"start":{"line":27,"column":24},"end":{"line":27,"column":48}},"type":"cond-expr","locations":[{"start":{"line":27,"column":34},"end":{"line":27,"column":41}},{"start":{"line":27,"column":44},"end":{"line":27,"column":48}}],"line":27}},"s":{"0":0,"1":0,"2":0,"3":0,"4":0,"5":0,"6":0,"7":0,"8":0,"9":0,"10":0,"11":0,"12":0,"13":0,"14":0,"15":0,"16":0,"17":0,"18":0,"19":0,"20":0,"21":0,"22":0,"23":0},"f":{"0":0,"1":0,"2":0},"b":{"0":[0,0],"1":[0,0],"2":[0,0],"3":[0,0],"4":[0,0],"5":[0,0],"6":[0,0]},"hash":"5ae39b6b17ac4e210418c1065a773c6a95d8dadd"}
,"/Users/mjoubert/red_tetris/src/server/controllers/restart.js": {"path":"/Users/mjoubert/red_tetris/src/server/controllers/restart.js","statementMap":{"0":{"start":{"line":1,"column":37},"end":{"line":1,"column":57}},"1":{"start":{"line":3,"column":16},"end":{"line":23,"column":1}},"2":{"start":{"line":4,"column":2},"end":{"line":21,"column":6}},"3":{"start":{"line":5,"column":4},"end":{"line":19,"column":7}},"4":{"start":{"line":6,"column":8},"end":{"line":18,"column":9}},"5":{"start":{"line":7,"column":10},"end":{"line":10,"column":12}},"6":{"start":{"line":8,"column":25},"end":{"line":8,"column":65}},"7":{"start":{"line":9,"column":12},"end":{"line":9,"column":23}},"8":{"start":{"line":11,"column":29},"end":{"line":11,"column":43}},"9":{"start":{"line":12,"column":10},"end":{"line":12,"column":26}},"10":{"start":{"line":13,"column":10},"end":{"line":15,"column":11}},"11":{"start":{"line":13,"column":23},"end":{"line":13,"column":24}},"12":{"start":{"line":14,"column":12},"end":{"line":14,"column":58}},"13":{"start":{"line":16,"column":10},"end":{"line":16,"column":26}},"14":{"start":{"line":17,"column":10},"end":{"line":17,"column":126}},"15":{"start":{"line":20,"column":6},"end":{"line":20,"column":17}},"16":{"start":{"line":22,"column":4},"end":{"line":22,"column":16}},"17":{"start":{"line":25,"column":0},"end":{"line":25,"column":24}}},"fnMap":{"0":{"name":"(anonymous_0)","decl":{"start":{"line":3,"column":16},"end":{"line":3,"column":17}},"loc":{"start":{"line":3,"column":39},"end":{"line":23,"column":1}},"line":3},"1":{"name":"(anonymous_1)","decl":{"start":{"line":4,"column":20},"end":{"line":4,"column":21}},"loc":{"start":{"line":4,"column":28},"end":{"line":21,"column":5}},"line":4},"2":{"name":"(anonymous_2)","decl":{"start":{"line":7,"column":40},"end":{"line":7,"column":41}},"loc":{"start":{"line":7,"column":50},"end":{"line":10,"column":11}},"line":7}},"branchMap":{"0":{"loc":{"start":{"line":5,"column":4},"end":{"line":19,"column":7}},"type":"if","locations":[{"start":{"line":5,"column":4},"end":{"line":19,"column":7}},{"start":{"line":5,"column":4},"end":{"line":19,"column":7}}],"line":5},"1":{"loc":{"start":{"line":6,"column":8},"end":{"line":18,"column":9}},"type":"if","locations":[{"start":{"line":6,"column":8},"end":{"line":18,"column":9}},{"start":{"line":6,"column":8},"end":{"line":18,"column":9}}],"line":6},"2":{"loc":{"start":{"line":6,"column":12},"end":{"line":6,"column":66}},"type":"binary-expr","locations":[{"start":{"line":6,"column":12},"end":{"line":6,"column":46}},{"start":{"line":6,"column":50},"end":{"line":6,"column":66}}],"line":6}},"s":{"0":0,"1":0,"2":0,"3":0,"4":0,"5":0,"6":0,"7":0,"8":0,"9":0,"10":0,"11":0,"12":0,"13":0,"14":0,"15":0,"16":0,"17":0},"f":{"0":0,"1":0,"2":0},"b":{"0":[0,0],"1":[0,0],"2":[0,0]},"hash":"2a66a42039e1ab1960eab73db7304f9d30c0f687"}
,"/Users/mjoubert/red_tetris/src/server/controllers/score.js": {"path":"/Users/mjoubert/red_tetris/src/server/controllers/score.js","statementMap":{"0":{"start":{"line":1,"column":14},"end":{"line":15,"column":1}},"1":{"start":{"line":2,"column":4},"end":{"line":13,"column":6}},"2":{"start":{"line":3,"column":8},"end":{"line":11,"column":9}},"3":{"start":{"line":4,"column":12},"end":{"line":10,"column":14}},"4":{"start":{"line":5,"column":16},"end":{"line":8,"column":17}},"5":{"start":{"line":6,"column":20},"end":{"line":6,"column":40}},"6":{"start":{"line":7,"column":20},"end":{"line":7,"column":64}},"7":{"start":{"line":9,"column":16},"end":{"line":9,"column":29}},"8":{"start":{"line":12,"column":8},"end":{"line":12,"column":19}},"9":{"start":{"line":14,"column":4},"end":{"line":14,"column":16}},"10":{"start":{"line":17,"column":0},"end":{"line":17,"column":22}}},"fnMap":{"0":{"name":"(anonymous_0)","decl":{"start":{"line":1,"column":14},"end":{"line":1,"column":15}},"loc":{"start":{"line":1,"column":40},"end":{"line":15,"column":1}},"line":1},"1":{"name":"(anonymous_1)","decl":{"start":{"line":2,"column":22},"end":{"line":2,"column":23}},"loc":{"start":{"line":2,"column":30},"end":{"line":13,"column":5}},"line":2},"2":{"name":"(anonymous_2)","decl":{"start":{"line":4,"column":42},"end":{"line":4,"column":43}},"loc":{"start":{"line":4,"column":52},"end":{"line":10,"column":13}},"line":4}},"branchMap":{"0":{"loc":{"start":{"line":3,"column":8},"end":{"line":11,"column":9}},"type":"if","locations":[{"start":{"line":3,"column":8},"end":{"line":11,"column":9}},{"start":{"line":3,"column":8},"end":{"line":11,"column":9}}],"line":3},"1":{"loc":{"start":{"line":5,"column":16},"end":{"line":8,"column":17}},"type":"if","locations":[{"start":{"line":5,"column":16},"end":{"line":8,"column":17}},{"start":{"line":5,"column":16},"end":{"line":8,"column":17}}],"line":5}},"s":{"0":0,"1":0,"2":0,"3":0,"4":0,"5":0,"6":0,"7":0,"8":0,"9":0,"10":0},"f":{"0":0,"1":0,"2":0},"b":{"0":[0,0],"1":[0,0]},"hash":"b4ef02a928fdb4241583e005ca3b7e2ce5d58c68"}
,"/Users/mjoubert/red_tetris/src/server/controllers/startGame.js": {"path":"/Users/mjoubert/red_tetris/src/server/controllers/startGame.js","statementMap":{"0":{"start":{"line":1,"column":18},"end":{"line":16,"column":1}},"1":{"start":{"line":2,"column":4},"end":{"line":14,"column":6}},"2":{"start":{"line":3,"column":6},"end":{"line":12,"column":7}},"3":{"start":{"line":4,"column":8},"end":{"line":11,"column":9}},"4":{"start":{"line":5,"column":10},"end":{"line":5,"column":27}},"5":{"start":{"line":6,"column":10},"end":{"line":10,"column":12}},"6":{"start":{"line":13,"column":6},"end":{"line":13,"column":17}},"7":{"start":{"line":15,"column":4},"end":{"line":15,"column":16}},"8":{"start":{"line":18,"column":0},"end":{"line":18,"column":26}}},"fnMap":{"0":{"name":"(anonymous_0)","decl":{"start":{"line":1,"column":18},"end":{"line":1,"column":19}},"loc":{"start":{"line":1,"column":41},"end":{"line":16,"column":1}},"line":1},"1":{"name":"(anonymous_1)","decl":{"start":{"line":2,"column":22},"end":{"line":2,"column":23}},"loc":{"start":{"line":2,"column":30},"end":{"line":14,"column":5}},"line":2}},"branchMap":{"0":{"loc":{"start":{"line":3,"column":6},"end":{"line":12,"column":7}},"type":"if","locations":[{"start":{"line":3,"column":6},"end":{"line":12,"column":7}},{"start":{"line":3,"column":6},"end":{"line":12,"column":7}}],"line":3},"1":{"loc":{"start":{"line":4,"column":8},"end":{"line":11,"column":9}},"type":"if","locations":[{"start":{"line":4,"column":8},"end":{"line":11,"column":9}},{"start":{"line":4,"column":8},"end":{"line":11,"column":9}}],"line":4},"2":{"loc":{"start":{"line":4,"column":12},"end":{"line":4,"column":69}},"type":"binary-expr","locations":[{"start":{"line":4,"column":12},"end":{"line":4,"column":46}},{"start":{"line":4,"column":50},"end":{"line":4,"column":69}}],"line":4}},"s":{"0":0,"1":0,"2":0,"3":0,"4":0,"5":0,"6":0,"7":0,"8":0},"f":{"0":0,"1":0},"b":{"0":[0,0],"1":[0,0],"2":[0,0]},"hash":"429ee63069be226ced60179ef1531b199aa701d6"}
,"/Users/mjoubert/red_tetris/src/server/models/game.js": {"path":"/Users/mjoubert/red_tetris/src/server/models/game.js","statementMap":{"0":{"start":{"line":3,"column":8},"end":{"line":3,"column":26}},"1":{"start":{"line":4,"column":8},"end":{"line":4,"column":24}},"2":{"start":{"line":5,"column":8},"end":{"line":5,"column":25}},"3":{"start":{"line":6,"column":8},"end":{"line":6,"column":26}},"4":{"start":{"line":7,"column":8},"end":{"line":7,"column":28}},"5":{"start":{"line":8,"column":8},"end":{"line":8,"column":24}},"6":{"start":{"line":9,"column":8},"end":{"line":9,"column":24}},"7":{"start":{"line":13,"column":0},"end":{"line":13,"column":21}}},"fnMap":{"0":{"name":"(anonymous_0)","decl":{"start":{"line":2,"column":4},"end":{"line":2,"column":5}},"loc":{"start":{"line":2,"column":44},"end":{"line":10,"column":5}},"line":2}},"branchMap":{},"s":{"0":0,"1":0,"2":0,"3":0,"4":0,"5":0,"6":0,"7":1},"f":{"0":0},"b":{},"_coverageSchema":"43e27e138ebf9cfc5966b082cf9a028302ed4184","hash":"1eee28970a5cf12b3eaf7943a1ce63c73726bce0"}
,"/Users/mjoubert/red_tetris/src/server/models/index.js": {"path":"/Users/mjoubert/red_tetris/src/server/models/index.js","statementMap":{"0":{"start":{"line":1,"column":0},"end":{"line":5,"column":4}}},"fnMap":{},"branchMap":{},"s":{"0":1},"f":{},"b":{},"_coverageSchema":"43e27e138ebf9cfc5966b082cf9a028302ed4184","hash":"6a33ad7944fbf6dfcd4ae2decf3649d31df65136"}
,"/Users/mjoubert/red_tetris/src/server/models/player.js": {"path":"/Users/mjoubert/red_tetris/src/server/models/player.js","statementMap":{"0":{"start":{"line":3,"column":8},"end":{"line":3,"column":24}},"1":{"start":{"line":4,"column":8},"end":{"line":4,"column":32}},"2":{"start":{"line":5,"column":8},"end":{"line":5,"column":22}},"3":{"start":{"line":6,"column":8},"end":{"line":6,"column":24}},"4":{"start":{"line":7,"column":8},"end":{"line":7,"column":23}},"5":{"start":{"line":11,"column":0},"end":{"line":11,"column":23}}},"fnMap":{"0":{"name":"(anonymous_0)","decl":{"start":{"line":2,"column":4},"end":{"line":2,"column":5}},"loc":{"start":{"line":2,"column":32},"end":{"line":8,"column":5}},"line":2}},"branchMap":{},"s":{"0":0,"1":0,"2":0,"3":0,"4":0,"5":1},"f":{"0":0},"b":{},"_coverageSchema":"43e27e138ebf9cfc5966b082cf9a028302ed4184","hash":"a7b4be69c0f8f118c8098849d1de444318afde8f"}
,"/Users/mjoubert/red_tetris/src/server/models/tetriminos.js": {"path":"/Users/mjoubert/red_tetris/src/server/models/tetriminos.js","statementMap":{"0":{"start":{"line":3,"column":8},"end":{"line":60,"column":10}},"1":{"start":{"line":63,"column":27},"end":{"line":63,"column":36}},"2":{"start":{"line":65,"column":12},"end":{"line":65,"column":69}},"3":{"start":{"line":66,"column":8},"end":{"line":66,"column":46}},"4":{"start":{"line":70,"column":0},"end":{"line":70,"column":27}}},"fnMap":{"0":{"name":"(anonymous_0)","decl":{"start":{"line":2,"column":4},"end":{"line":2,"column":5}},"loc":{"start":{"line":2,"column":18},"end":{"line":61,"column":5}},"line":2},"1":{"name":"(anonymous_1)","decl":{"start":{"line":62,"column":4},"end":{"line":62,"column":5}},"loc":{"start":{"line":62,"column":22},"end":{"line":67,"column":5}},"line":62}},"branchMap":{},"s":{"0":1,"1":5,"2":5,"3":5,"4":1},"f":{"0":1,"1":5},"b":{},"_coverageSchema":"43e27e138ebf9cfc5966b082cf9a028302ed4184","hash":"172afd98c4cf7720e7725dbf74c7d166c818f570"}
}
