TN:
SF:/Users/mjoubert/red_tetris/src/client/actions/alert.js
FN:3,alert
FNF:1
FNH:1
FNDA:1,alert
LF:0
LH:0
BRF:0
BRH:0
end_of_record
TN:
SF:/Users/mjoubert/red_tetris/src/client/actions/game.js
FN:6,game
FNF:1
FNH:0
FNDA:0,game
LF:0
LH:0
BRF:0
BRH:0
end_of_record
TN:
SF:/Users/mjoubert/red_tetris/src/client/actions/login.js
FN:4,login
FNF:1
FNH:0
FNDA:0,login
LF:0
LH:0
BRF:0
BRH:0
end_of_record
TN:
SF:/Users/mjoubert/red_tetris/src/client/actions/server.js
FN:1,ping
FNF:1
FNH:0
FNDA:0,ping
LF:0
LH:0
BRF:0
BRH:0
end_of_record
TN:
SF:/Users/mjoubert/red_tetris/src/client/components/aside.js
FN:11,Aside
FNF:1
FNH:0
FNDA:0,Aside
LF:0
LH:0
BRF:0
BRH:0
end_of_record
TN:
SF:/Users/mjoubert/red_tetris/src/client/components/asideLeft.js
FN:28,AsideLeft
FNF:1
FNH:0
FNDA:0,AsideLeft
LF:0
LH:0
BRF:0
BRH:0
end_of_record
TN:
SF:/Users/mjoubert/red_tetris/src/client/components/ContainerText.js
FN:18,ContainerText
FNF:1
FNH:0
FNDA:0,ContainerText
LF:0
LH:0
BRF:0
BRH:0
end_of_record
TN:
SF:/Users/mjoubert/red_tetris/src/client/components/EndText.js
FN:17,EndText
FNF:1
FNH:0
FNDA:0,EndText
LF:0
LH:0
BRF:0
BRH:0
end_of_record
TN:
SF:/Users/mjoubert/red_tetris/src/client/components/popup.js
FNF:0
FNH:0
LF:0
LH:0
BRF:0
BRH:0
end_of_record
TN:
SF:/Users/mjoubert/red_tetris/src/client/components/tetris.js
FN:21,Tetris
FN:33,(anonymous_6)
FN:34,handlekeyupEvent
FN:52,(anonymous_8)
FNF:4
FNH:0
FNDA:0,Tetris
FNDA:0,(anonymous_6)
FNDA:0,handlekeyupEvent
FNDA:0,(anonymous_8)
DA:34,1
DA:35,0
DA:36,0
DA:39,0
DA:42,0
DA:45,0
LF:6
LH:1
BRDA:35,1,0,0
BRDA:35,1,1,0
BRDA:36,2,0,0
BRDA:36,2,1,0
BRDA:39,3,0,0
BRDA:39,3,1,0
BRDA:42,4,0,0
BRDA:42,4,1,0
BRDA:45,5,0,0
BRDA:45,5,1,0
BRDA:62,6,0,0
BRF:11
BRH:0
end_of_record
TN:
SF:/Users/mjoubert/red_tetris/src/client/containers/app.js
FN:22,App
FN:28,endGame
FN:32,newShapes
FN:36,(anonymous_9)
FN:38,handlekeyupEvent
FN:46,(anonymous_11)
FNF:6
FNH:0
FNDA:0,App
FNDA:0,endGame
FNDA:0,newShapes
FNDA:0,(anonymous_9)
FNDA:0,handlekeyupEvent
FNDA:0,(anonymous_11)
DA:38,1
DA:40,0
LF:2
LH:1
BRDA:40,1,0,0
BRDA:40,1,1,0
BRDA:40,2,0,0
BRDA:40,2,1,0
BRDA:56,3,0,0
BRDA:56,3,1,0
BRDA:55,4,0,0
BRDA:55,4,1,0
BRF:8
BRH:0
end_of_record
TN:
SF:/Users/mjoubert/red_tetris/src/client/functions/addShapes.js
FN:1,addShapes
FNF:1
FNH:0
FNDA:0,addShapes
LF:0
LH:0
BRF:0
BRH:0
end_of_record
TN:
SF:/Users/mjoubert/red_tetris/src/client/functions/checkFirstLine.js
FN:1,checkFirstLine
FNF:1
FNH:0
FNDA:0,checkFirstLine
DA:2,0
DA:3,0
DA:4,0
LF:3
LH:0
BRDA:4,1,0,0
BRDA:4,1,1,0
BRDA:4,2,0,0
BRDA:4,2,1,0
BRF:4
BRH:0
end_of_record
TN:
SF:/Users/mjoubert/red_tetris/src/client/functions/checkLines.js
FN:1,checkLines
FNF:1
FNH:0
FNDA:0,checkLines
DA:2,0
DA:4,0
DA:5,0
DA:7,0
DA:11,0
LF:5
LH:0
BRDA:5,1,0,0
BRDA:5,1,1,0
BRDA:7,2,0,0
BRDA:7,2,1,0
BRDA:7,3,0,0
BRDA:7,3,1,0
BRDA:11,4,0,0
BRDA:11,4,1,0
BRF:8
BRH:0
end_of_record
TN:
SF:/Users/mjoubert/red_tetris/src/client/functions/createBoard.js
FN:1,createBoard
FNF:1
FNH:0
FNDA:0,createBoard
LF:0
LH:0
BRF:0
BRH:0
end_of_record
TN:
SF:/Users/mjoubert/red_tetris/src/client/functions/drawBoard.js
FN:19,drawBoard
FN:21,(anonymous_3)
FN:23,(anonymous_4)
FNF:3
FNH:0
FNDA:0,drawBoard
FNDA:0,(anonymous_3)
FNDA:0,(anonymous_4)
DA:22,0
DA:24,0
LF:2
LH:0
BRDA:22,1,0,0
BRDA:22,1,1,0
BRDA:24,2,0,0
BRDA:24,2,1,0
BRF:4
BRH:0
end_of_record
TN:
SF:/Users/mjoubert/red_tetris/src/client/functions/drawShapes.js
FN:17,drawShapes
FN:20,(anonymous_3)
FN:21,(anonymous_4)
FNF:3
FNH:0
FNDA:0,drawShapes
FNDA:0,(anonymous_3)
FNDA:0,(anonymous_4)
DA:19,0
DA:22,0
LF:2
LH:0
BRDA:19,1,0,0
BRDA:19,1,1,0
BRDA:22,2,0,0
BRDA:22,2,1,0
BRF:4
BRH:0
end_of_record
TN:
SF:/Users/mjoubert/red_tetris/src/client/functions/freeze.js
FN:3,freeze
FNF:1
FNH:0
FNDA:0,freeze
DA:4,0
DA:5,0
DA:6,0
DA:7,0
LF:4
LH:0
BRDA:6,1,0,0
BRDA:6,1,1,0
BRDA:6,2,0,0
BRDA:6,2,1,0
BRDA:6,2,2,0
BRDA:6,2,3,0
BRDA:7,3,0,0
BRDA:7,3,1,0
BRF:8
BRH:0
end_of_record
TN:
SF:/Users/mjoubert/red_tetris/src/client/functions/moveShapes.js
FN:3,moveShapesDown
FN:28,moveShapesLeft
FN:52,moveShapesRight
FNF:3
FNH:0
FNDA:0,moveShapesDown
FNDA:0,moveShapesLeft
FNDA:0,moveShapesRight
DA:5,0
DA:6,0
DA:7,0
DA:8,0
DA:15,0
DA:16,0
DA:17,0
DA:18,0
DA:30,0
DA:31,0
DA:32,0
DA:33,0
DA:39,0
DA:40,0
DA:41,0
DA:42,0
DA:54,0
DA:55,0
DA:56,0
DA:57,0
DA:63,0
DA:64,0
DA:65,0
DA:66,0
LF:24
LH:0
BRDA:7,1,0,0
BRDA:7,1,1,0
BRDA:7,2,0,0
BRDA:7,2,1,0
BRDA:7,2,2,0
BRDA:7,2,3,0
BRDA:8,3,0,0
BRDA:8,3,1,0
BRDA:8,4,0,0
BRDA:8,4,1,0
BRDA:15,5,0,0
BRDA:15,5,1,0
BRDA:18,6,0,0
BRDA:18,6,1,0
BRDA:18,7,0,0
BRDA:18,7,1,0
BRDA:18,7,2,0
BRDA:18,7,3,0
BRDA:32,8,0,0
BRDA:32,8,1,0
BRDA:32,9,0,0
BRDA:32,9,1,0
BRDA:32,9,2,0
BRDA:32,9,3,0
BRDA:33,10,0,0
BRDA:33,10,1,0
BRDA:33,11,0,0
BRDA:33,11,1,0
BRDA:39,12,0,0
BRDA:39,12,1,0
BRDA:42,13,0,0
BRDA:42,13,1,0
BRDA:42,14,0,0
BRDA:42,14,1,0
BRDA:42,14,2,0
BRDA:42,14,3,0
BRDA:56,15,0,0
BRDA:56,15,1,0
BRDA:56,16,0,0
BRDA:56,16,1,0
BRDA:56,16,2,0
BRDA:56,16,3,0
BRDA:57,17,0,0
BRDA:57,17,1,0
BRDA:57,18,0,0
BRDA:57,18,1,0
BRDA:63,19,0,0
BRDA:63,19,1,0
BRDA:66,20,0,0
BRDA:66,20,1,0
BRDA:66,21,0,0
BRDA:66,21,1,0
BRDA:66,21,2,0
BRDA:66,21,3,0
BRF:54
BRH:0
end_of_record
TN:
SF:/Users/mjoubert/red_tetris/src/client/functions/newShapes.js
FN:3,newShapes
FNF:1
FNH:1
FNDA:1,newShapes
LF:0
LH:0
BRF:0
BRH:0
end_of_record
TN:
SF:/Users/mjoubert/red_tetris/src/client/functions/rotationShapes.js
FN:1,checkPoint
FN:10,pointChange
FN:22,searchCenter
FN:36,rotationPoint
FN:41,(anonymous_5)
FN:57,(anonymous_6)
FN:60,(anonymous_7)
FN:67,rotationShape
FNF:8
FNH:0
FNDA:0,checkPoint
FNDA:0,pointChange
FNDA:0,searchCenter
FNDA:0,rotationPoint
FNDA:0,(anonymous_5)
FNDA:0,(anonymous_6)
FNDA:0,(anonymous_7)
FNDA:0,rotationShape
DA:2,0
DA:3,0
DA:12,0
DA:13,0
DA:14,0
DA:23,0
DA:24,0
DA:25,0
DA:50,0
DA:56,0
DA:69,0
LF:11
LH:0
BRDA:2,1,0,0
BRDA:2,1,1,0
BRDA:2,2,0,0
BRDA:2,2,1,0
BRDA:2,2,2,0
BRDA:2,2,3,0
BRDA:3,3,0,0
BRDA:3,3,1,0
BRDA:3,4,0,0
BRDA:3,4,1,0
BRDA:14,5,0,0
BRDA:14,5,1,0
BRDA:25,6,0,0
BRDA:25,6,1,0
BRDA:50,7,0,0
BRDA:50,7,1,0
BRDA:50,8,0,0
BRDA:50,8,1,0
BRDA:50,8,2,0
BRDA:50,8,3,0
BRDA:56,9,0,0
BRDA:56,9,1,0
BRDA:69,10,0,0
BRDA:69,10,1,0
BRF:24
BRH:0
end_of_record
TN:
SF:/Users/mjoubert/red_tetris/src/client/functions/useInterval.js
FN:3,useInterval
FN:7,(anonymous_3)
FN:12,(anonymous_4)
FN:13,tick
FNF:4
FNH:0
FNDA:0,useInterval
FNDA:0,(anonymous_3)
FNDA:0,(anonymous_4)
FNDA:0,tick
DA:3,1
DA:13,1
DA:16,0
LF:3
LH:2
BRDA:16,1,0,0
BRDA:16,1,1,0
BRF:2
BRH:0
end_of_record
TN:
SF:/Users/mjoubert/red_tetris/src/client/index.js
FNF:0
FNH:0
LF:0
LH:0
BRF:0
BRH:0
end_of_record
TN:
SF:/Users/mjoubert/red_tetris/src/client/middleware/storeStateMiddleWare.js
FN:4,storeStateMiddleWare
FN:5,(anonymous_4)
FN:11,configureStore
FNF:3
FNH:0
FNDA:0,storeStateMiddleWare
FNDA:0,(anonymous_4)
FNDA:0,configureStore
DA:4,1
LF:1
LH:1
BRF:0
BRH:0
end_of_record
TN:
SF:/Users/mjoubert/red_tetris/src/client/reducers/alert.js
FN:3,reducer
FNF:1
FNH:1
FNDA:4,reducer
LF:0
LH:0
BRDA:3,1,0,1
BRDA:3,1,1,3
BRDA:3,2,0,4
BRDA:3,2,1,4
BRDA:5,3,0,1
BRDA:5,3,1,3
BRF:6
BRH:6
end_of_record
TN:
SF:/Users/mjoubert/red_tetris/src/client/reducers/game.js
FN:12,reducer
FNF:1
FNH:1
FNDA:4,reducer
LF:0
LH:0
BRDA:12,1,0,1
BRDA:12,1,1,3
BRDA:12,2,0,4
BRDA:12,2,1,4
BRDA:14,3,0,0
BRDA:14,3,1,0
BRDA:14,3,2,0
BRDA:14,3,3,0
BRDA:14,3,4,4
BRF:9
BRH:5
end_of_record
TN:
SF:/Users/mjoubert/red_tetris/src/client/reducers/index.js
FNF:0
FNH:0
LF:0
LH:0
BRF:0
BRH:0
end_of_record
TN:
SF:/Users/mjoubert/red_tetris/src/client/reducers/login.js
FN:9,reducer
FNF:1
FNH:1
FNDA:4,reducer
DA:17,0
LF:1
LH:0
BRDA:9,1,0,1
BRDA:9,1,1,3
BRDA:9,2,0,4
BRDA:9,2,1,4
BRDA:11,3,0,0
BRDA:11,3,1,0
BRDA:11,3,2,4
BRDA:17,4,0,0
BRDA:17,4,1,0
BRF:9
BRH:5
end_of_record
TN:
SF:/Users/mjoubert/red_tetris/src/client/util/shapes.js
FNF:0
FNH:0
LF:0
LH:0
BRF:0
BRH:0
end_of_record
TN:
SF:/Users/mjoubert/red_tetris/src/server/index.js
FN:7,initApp
FN:9,handler
FN:11,(anonymous_4)
FN:24,(anonymous_5)
FN:30,initEngine
FN:31,(anonymous_7)
FN:33,(anonymous_8)
FN:47,create
FN:48,(anonymous_10)
FN:50,(anonymous_11)
FN:52,stop
FN:54,(anonymous_13)
FNF:12
FNH:3
FNDA:1,initApp
FNDA:0,handler
FNDA:0,(anonymous_4)
FNDA:0,(anonymous_5)
FNDA:0,initEngine
FNDA:0,(anonymous_7)
FNDA:0,(anonymous_8)
FNDA:1,create
FNDA:1,(anonymous_10)
FNDA:0,(anonymous_11)
FNDA:0,stop
FNDA:0,(anonymous_13)
DA:12,0
DA:34,0
DA:37,0
DA:47,2
LF:4
LH:1
BRDA:10,1,0,0
BRDA:10,1,1,0
BRDA:12,2,0,0
BRDA:12,2,1,0
BRDA:34,3,0,0
BRDA:34,3,1,0
BRDA:37,4,0,0
BRDA:37,4,1,0
BRF:8
BRH:0
end_of_record
TN:
SF:/Users/mjoubert/red_tetris/src/server/main.js
FNF:0
FNH:0
LF:0
LH:0
BRF:0
BRH:0
end_of_record
