TN:
SF:/Users/mjoubert/red_tetris/src/client/actions/alert.js
FN:3,alert
FNF:1
FNH:0
FNDA:0,alert
LF:0
LH:0
BRF:0
BRH:0
end_of_record
TN:
SF:/Users/mjoubert/red_tetris/src/client/actions/game.js
FN:15,game
FNF:1
FNH:0
FNDA:0,game
LF:0
LH:0
BRF:0
BRH:0
end_of_record
TN:
SF:/Users/mjoubert/red_tetris/src/client/actions/login.js
FN:4,login
FNF:1
FNH:0
FNDA:0,login
LF:0
LH:0
BRF:0
BRH:0
end_of_record
TN:
SF:/Users/mjoubert/red_tetris/src/client/actions/server.js
FN:1,ping
FNF:1
FNH:0
FNDA:0,ping
LF:0
LH:0
BRF:0
BRH:0
end_of_record
TN:
SF:/Users/mjoubert/red_tetris/src/client/actions/start.js
FN:3,start
FNF:1
FNH:0
FNDA:0,start
LF:0
LH:0
BRF:0
BRH:0
end_of_record
TN:
SF:/Users/mjoubert/red_tetris/src/client/components/asideLeft.js
FN:45,AsideLeft
FN:49,(anonymous_8)
FNF:2
FNH:0
FNDA:0,AsideLeft
FNDA:0,(anonymous_8)
DA:50,0
LF:1
LH:0
BRDA:50,1,0,0
BRDA:50,1,1,0
BRDA:50,2,0,0
BRDA:50,2,1,0
BRDA:60,3,0,0
BRDA:60,4,0,0
BRDA:60,4,1,0
BRF:7
BRH:0
end_of_record
TN:
SF:/Users/mjoubert/red_tetris/src/client/components/asideRight.js
FN:56,AsideRight
FNF:1
FNH:0
FNDA:0,AsideRight
LF:0
LH:0
BRDA:60,1,0,0
BRDA:60,1,1,0
BRDA:71,2,0,0
BRDA:68,3,0,0
BRDA:68,3,1,0
BRDA:68,3,2,0
BRF:6
BRH:0
end_of_record
TN:
SF:/Users/mjoubert/red_tetris/src/client/components/Cell.js
FN:12,Cell
FNF:1
FNH:0
FNDA:0,Cell
LF:0
LH:0
BRF:0
BRH:0
end_of_record
TN:
SF:/Users/mjoubert/red_tetris/src/client/components/CellPhantom.js
FN:12,CellPhantom
FNF:1
FNH:0
FNDA:0,CellPhantom
LF:0
LH:0
BRF:0
BRH:0
end_of_record
TN:
SF:/Users/mjoubert/red_tetris/src/client/components/ContainerStagePhantom.js
FN:26,ContainerStagePhantom
FN:29,(anonymous_5)
FNF:2
FNH:0
FNDA:0,ContainerStagePhantom
FNDA:0,(anonymous_5)
DA:30,0
LF:1
LH:0
BRDA:29,1,0,0
BRDA:30,2,0,0
BRDA:30,2,1,0
BRDA:34,3,0,0
BRDA:34,3,1,0
BRF:5
BRH:0
end_of_record
TN:
SF:/Users/mjoubert/red_tetris/src/client/components/ContainerText.js
FN:20,ContainerText
FNF:1
FNH:0
FNDA:0,ContainerText
LF:0
LH:0
BRF:0
BRH:0
end_of_record
TN:
SF:/Users/mjoubert/red_tetris/src/client/components/GameOver.js
FN:16,GameOver
FNF:1
FNH:0
FNDA:0,GameOver
LF:0
LH:0
BRDA:21,1,0,0
BRDA:21,1,1,0
BRDA:22,2,0,0
BRF:3
BRH:0
end_of_record
TN:
SF:/Users/mjoubert/red_tetris/src/client/components/popup.js
FNF:0
FNH:0
LF:0
LH:0
BRF:0
BRH:0
end_of_record
TN:
SF:/Users/mjoubert/red_tetris/src/client/components/Stage.js
FN:5,Stage
FN:25,StagePreview
FNF:2
FNH:0
FNDA:0,Stage
FNDA:0,StagePreview
LF:0
LH:0
BRF:0
BRH:0
end_of_record
TN:
SF:/Users/mjoubert/red_tetris/src/client/components/StagePhantom.js
FN:5,StagePhantom
FNF:1
FNH:0
FNDA:0,StagePhantom
LF:0
LH:0
BRF:0
BRH:0
end_of_record
TN:
SF:/Users/mjoubert/red_tetris/src/client/components/Tetris.js
FN:24,Tetris
FN:31,(anonymous_6)
FN:35,(anonymous_7)
FN:36,handlekeydownEvent
FN:59,handlekeyupEvent
FN:69,(anonymous_10)
FN:75,(anonymous_11)
FN:79,(anonymous_12)
FN:89,movePlayer
FN:95,drop
FN:108,dropPlayer
FNF:11
FNH:0
FNDA:0,Tetris
FNDA:0,(anonymous_6)
FNDA:0,(anonymous_7)
FNDA:0,handlekeydownEvent
FNDA:0,handlekeyupEvent
FNDA:0,(anonymous_10)
FNDA:0,(anonymous_11)
FNDA:0,(anonymous_12)
FNDA:0,movePlayer
FNDA:0,drop
FNDA:0,dropPlayer
DA:37,0
DA:53,0
DA:54,0
DA:60,0
DA:76,0
DA:80,0
DA:90,0
DA:96,0
DA:99,0
LF:9
LH:0
BRDA:33,1,0,0
BRDA:33,1,1,0
BRDA:37,2,0,0
BRDA:37,2,1,0
BRDA:39,3,0,0
BRDA:39,3,1,0
BRDA:39,3,2,0
BRDA:39,3,3,0
BRDA:39,3,4,0
BRDA:54,4,0,0
BRDA:54,4,1,0
BRDA:60,5,0,0
BRDA:60,5,1,0
BRDA:62,6,0,0
BRDA:76,7,0,0
BRDA:76,7,1,0
BRDA:80,8,0,0
BRDA:80,8,1,0
BRDA:80,9,0,0
BRDA:80,9,1,0
BRDA:80,9,2,0
BRDA:80,9,3,0
BRDA:80,9,4,0
BRDA:90,10,0,0
BRDA:90,10,1,0
BRDA:96,11,0,0
BRDA:96,11,1,0
BRDA:99,12,0,0
BRDA:99,12,1,0
BRDA:117,13,0,0
BRF:30
BRH:0
end_of_record
TN:
SF:/Users/mjoubert/red_tetris/src/client/containers/app.js
FN:36,App
FN:41,endGame
FN:45,handleScore
FN:49,handleLevel
FN:53,newShapes
FN:57,(anonymous_9)
FN:58,handlekeyupEvent
FN:80,(anonymous_11)
FN:85,(anonymous_12)
FNF:9
FNH:0
FNDA:0,App
FNDA:0,endGame
FNDA:0,handleScore
FNDA:0,handleLevel
FNDA:0,newShapes
FNDA:0,(anonymous_9)
FNDA:0,handlekeyupEvent
FNDA:0,(anonymous_11)
FNDA:0,(anonymous_12)
DA:58,2
DA:60,0
DA:63,0
DA:65,0
DA:71,0
DA:74,0
DA:86,0
LF:7
LH:1
BRDA:60,1,0,0
BRDA:60,1,1,0
BRDA:60,2,0,0
BRDA:60,2,1,0
BRDA:62,3,0,0
BRDA:62,3,1,0
BRDA:62,3,2,0
BRDA:63,4,0,0
BRDA:63,4,1,0
BRDA:65,5,0,0
BRDA:65,5,1,0
BRDA:71,6,0,0
BRDA:71,6,1,0
BRDA:74,7,0,0
BRDA:74,7,1,0
BRDA:86,8,0,0
BRDA:86,8,1,0
BRDA:104,9,0,0
BRDA:104,9,1,0
BRDA:103,10,0,0
BRDA:103,10,1,0
BRDA:113,11,0,0
BRF:22
BRH:0
end_of_record
TN:
SF:/Users/mjoubert/red_tetris/src/client/gameHelper.js
FN:10,checkCollision
FNF:1
FNH:0
FNDA:0,checkCollision
DA:12,0
DA:13,0
DA:15,0
DA:16,0
LF:4
LH:0
BRDA:15,1,0,0
BRDA:15,1,1,0
BRDA:19,2,0,0
BRDA:19,2,1,0
BRDA:19,2,2,0
BRF:5
BRH:0
end_of_record
TN:
SF:/Users/mjoubert/red_tetris/src/client/hook/useGameStatus.js
FN:3,useGameStatus
FN:10,(anonymous_5)
FN:19,(anonymous_8)
FNF:3
FNH:0
FNDA:0,useGameStatus
FNDA:0,(anonymous_5)
FNDA:0,(anonymous_8)
DA:12,0
LF:1
LH:0
BRDA:12,1,0,0
BRDA:12,1,1,0
BRF:2
BRH:0
end_of_record
TN:
SF:/Users/mjoubert/red_tetris/src/client/hook/useInterval.js
FN:3,useInterval
FN:7,(anonymous_3)
FN:12,(anonymous_4)
FN:13,tick
FNF:4
FNH:0
FNDA:0,useInterval
FNDA:0,(anonymous_3)
FNDA:0,(anonymous_4)
FNDA:0,tick
DA:3,2
DA:13,2
DA:16,0
LF:3
LH:2
BRDA:16,1,0,0
BRDA:16,1,1,0
BRF:2
BRH:0
end_of_record
TN:
SF:/Users/mjoubert/red_tetris/src/client/hook/usePlayer.js
FN:6,usePlayer
FN:15,(anonymous_6)
FN:24,rotate
FN:32,playerRotate
FN:50,updatePlayerPos
FN:58,(anonymous_14)
FNF:6
FNH:0
FNDA:0,usePlayer
FNDA:0,(anonymous_6)
FNDA:0,rotate
FNDA:0,playerRotate
FNDA:0,updatePlayerPos
FNDA:0,(anonymous_14)
DA:24,2
DA:28,0
DA:32,2
DA:38,0
DA:41,0
LF:5
LH:2
BRDA:28,1,0,0
BRDA:28,1,1,0
BRDA:40,2,0,0
BRDA:40,2,1,0
BRDA:41,3,0,0
BRDA:41,3,1,0
BRF:6
BRH:0
end_of_record
TN:
SF:/Users/mjoubert/red_tetris/src/client/hook/usePlayerPreview.js
FN:9,usePlayerPreview
FN:15,(anonymous_5)
FNF:2
FNH:0
FNDA:0,usePlayerPreview
FNDA:0,(anonymous_5)
LF:0
LH:0
BRF:0
BRH:0
end_of_record
TN:
SF:/Users/mjoubert/red_tetris/src/client/hook/usePrevious.js
FN:3,usePrevious
FN:9,(anonymous_3)
FNF:2
FNH:0
FNDA:0,usePrevious
FNDA:0,(anonymous_3)
DA:9,0
LF:1
LH:0
BRF:0
BRH:0
end_of_record
TN:
SF:/Users/mjoubert/red_tetris/src/client/hook/useStage.js
FN:5,useStage
FN:11,(anonymous_5)
FN:12,addLine
FN:22,(anonymous_8)
FN:24,sweepRows
FN:26,(anonymous_10)
FN:41,updateStage
FN:47,(anonymous_16)
FN:48,(anonymous_17)
FNF:9
FNH:0
FNDA:0,useStage
FNDA:0,(anonymous_5)
FNDA:0,addLine
FNDA:0,(anonymous_8)
FNDA:0,sweepRows
FNDA:0,(anonymous_10)
FNDA:0,updateStage
FNDA:0,(anonymous_16)
FNDA:0,(anonymous_17)
DA:13,0
DA:19,0
DA:27,0
DA:36,0
DA:49,0
DA:58,0
LF:6
LH:0
BRDA:19,1,0,0
BRDA:19,1,1,0
BRDA:19,2,0,0
BRDA:19,2,1,0
BRDA:27,3,0,0
BRDA:27,3,1,0
BRDA:27,4,0,0
BRDA:27,4,1,0
BRDA:36,5,0,0
BRDA:36,5,1,0
BRDA:44,6,0,0
BRDA:44,6,1,0
BRDA:49,7,0,0
BRDA:49,7,1,0
BRDA:52,8,0,0
BRDA:52,8,1,0
BRDA:58,9,0,0
BRDA:58,9,1,0
BRF:18
BRH:0
end_of_record
TN:
SF:/Users/mjoubert/red_tetris/src/client/hook/useStagePreview.js
FN:4,useStagePreview
FN:8,(anonymous_5)
FN:11,(anonymous_7)
FN:21,updateStage
FN:28,(anonymous_13)
FN:29,(anonymous_14)
FNF:6
FNH:0
FNDA:0,useStagePreview
FNDA:0,(anonymous_5)
FNDA:0,(anonymous_7)
FNDA:0,updateStage
FNDA:0,(anonymous_13)
FNDA:0,(anonymous_14)
DA:12,0
DA:30,0
DA:39,0
LF:3
LH:0
BRDA:12,1,0,0
BRDA:12,1,1,0
BRDA:24,2,0,0
BRDA:24,2,1,0
BRDA:30,3,0,0
BRDA:30,3,1,0
BRDA:33,4,0,0
BRDA:33,4,1,0
BRDA:39,5,0,0
BRDA:39,5,1,0
BRF:10
BRH:0
end_of_record
TN:
SF:/Users/mjoubert/red_tetris/src/client/index.js
FNF:0
FNH:0
LF:0
LH:0
BRF:0
BRH:0
end_of_record
TN:
SF:/Users/mjoubert/red_tetris/src/client/middleware/socketMiddleWare.js
FN:1,socketMiddleWare
FN:2,(anonymous_3)
FN:6,(anonymous_4)
FN:12,(anonymous_5)
FN:21,(anonymous_6)
FNF:5
FNH:1
FNDA:1,socketMiddleWare
FNDA:0,(anonymous_3)
FNDA:0,(anonymous_4)
FNDA:0,(anonymous_5)
FNDA:0,(anonymous_6)
DA:4,0
DA:10,0
DA:16,0
DA:19,0
DA:25,0
DA:27,0
DA:29,0
LF:7
LH:0
BRDA:4,1,0,0
BRDA:4,1,1,0
BRDA:10,2,0,0
BRDA:10,2,1,0
BRDA:16,3,0,0
BRDA:16,3,1,0
BRDA:19,4,0,0
BRDA:19,4,1,0
BRDA:25,5,0,0
BRDA:25,5,1,0
BRDA:27,6,0,0
BRDA:27,6,1,0
BRDA:29,7,0,0
BRDA:29,7,1,0
BRF:14
BRH:0
end_of_record
TN:
SF:/Users/mjoubert/red_tetris/src/client/middleware/storeStateMiddleWare.js
FN:1,storeStateMiddleWare
FN:2,(anonymous_3)
FNF:2
FNH:0
FNDA:0,storeStateMiddleWare
FNDA:0,(anonymous_3)
LF:0
LH:0
BRF:0
BRH:0
end_of_record
TN:
SF:/Users/mjoubert/red_tetris/src/client/reducers/alert.js
FN:3,reducer
FNF:1
FNH:1
FNDA:3,reducer
LF:0
LH:0
BRDA:3,1,0,0
BRDA:3,1,1,3
BRDA:3,2,0,3
BRDA:3,2,1,3
BRDA:5,3,0,0
BRDA:5,3,1,3
BRF:6
BRH:4
end_of_record
TN:
SF:/Users/mjoubert/red_tetris/src/client/reducers/game.js
FN:20,reducer
FNF:1
FNH:1
FNDA:3,reducer
LF:0
LH:0
BRDA:20,1,0,0
BRDA:20,1,1,3
BRDA:20,2,0,3
BRDA:20,2,1,3
BRDA:22,3,0,0
BRDA:22,3,1,0
BRDA:22,3,2,0
BRDA:22,3,3,0
BRDA:22,3,4,0
BRDA:22,3,5,0
BRDA:22,3,6,0
BRDA:22,3,7,0
BRDA:22,3,8,0
BRDA:22,3,9,3
BRDA:37,4,0,0
BRDA:37,4,1,0
BRDA:50,5,0,0
BRDA:50,5,1,0
BRDA:51,6,0,0
BRDA:51,6,1,0
BRDA:53,7,0,0
BRDA:53,7,1,0
BRDA:58,8,0,0
BRDA:58,8,1,0
BRDA:59,9,0,0
BRDA:59,9,1,0
BRDA:61,10,0,0
BRDA:61,10,1,0
BRDA:62,11,0,0
BRDA:62,11,1,0
BRDA:73,12,0,0
BRDA:89,13,0,0
BRDA:89,13,1,0
BRF:33
BRH:4
end_of_record
TN:
SF:/Users/mjoubert/red_tetris/src/client/reducers/index.js
FNF:0
FNH:0
LF:0
LH:0
BRF:0
BRH:0
end_of_record
TN:
SF:/Users/mjoubert/red_tetris/src/client/reducers/login.js
FN:9,reducer
FNF:1
FNH:1
FNDA:3,reducer
DA:17,0
LF:1
LH:0
BRDA:9,1,0,0
BRDA:9,1,1,3
BRDA:9,2,0,3
BRDA:9,2,1,3
BRDA:11,3,0,0
BRDA:11,3,1,0
BRDA:11,3,2,3
BRDA:17,4,0,0
BRDA:17,4,1,0
BRF:9
BRH:4
end_of_record
TN:
SF:/Users/mjoubert/red_tetris/src/server/controllers/board.js
FN:1,board
FN:3,(anonymous_2)
FN:5,(anonymous_3)
FNF:3
FNH:0
FNDA:0,board
FNDA:0,(anonymous_2)
FNDA:0,(anonymous_3)
DA:4,0
DA:6,0
DA:9,0
LF:3
LH:0
BRDA:4,1,0,0
BRDA:4,1,1,0
BRDA:6,2,0,0
BRDA:6,2,1,0
BRDA:9,3,0,0
BRDA:9,3,1,0
BRF:6
BRH:0
end_of_record
TN:
SF:/Users/mjoubert/red_tetris/src/server/controllers/disconnectRoom.js
FN:1,disconnectRoom
FN:7,(anonymous_4)
FN:23,(anonymous_5)
FNF:3
FNH:0
FNDA:0,disconnectRoom
FNDA:0,(anonymous_4)
FNDA:0,(anonymous_5)
DA:3,0
DA:4,0
DA:8,0
DA:14,0
DA:22,0
DA:24,0
DA:27,0
LF:7
LH:0
BRDA:3,1,0,0
BRDA:3,1,1,0
BRDA:3,2,0,0
BRDA:3,2,1,0
BRDA:4,3,0,0
BRDA:4,3,1,0
BRDA:8,4,0,0
BRDA:8,4,1,0
BRDA:14,5,0,0
BRDA:14,5,1,0
BRDA:22,6,0,0
BRDA:22,6,1,0
BRDA:24,7,0,0
BRDA:24,7,1,0
BRDA:27,8,0,0
BRDA:27,8,1,0
BRF:16
BRH:0
end_of_record
TN:
SF:/Users/mjoubert/red_tetris/src/server/controllers/endGame.js
FN:1,endGame
FN:2,(anonymous_2)
FN:4,(anonymous_3)
FN:12,(anonymous_5)
FN:16,(anonymous_6)
FN:21,(anonymous_7)
FNF:6
FNH:0
FNDA:0,endGame
FNDA:0,(anonymous_2)
FNDA:0,(anonymous_3)
FNDA:0,(anonymous_5)
FNDA:0,(anonymous_6)
FNDA:0,(anonymous_7)
DA:3,0
DA:5,0
DA:9,0
DA:17,0
DA:18,0
DA:23,0
DA:26,0
DA:28,0
DA:29,0
DA:33,0
DA:34,0
LF:11
LH:0
BRDA:3,1,0,0
BRDA:3,1,1,0
BRDA:5,2,0,0
BRDA:5,2,1,0
BRDA:9,3,0,0
BRDA:9,3,1,0
BRDA:17,4,0,0
BRDA:17,4,1,0
BRDA:18,5,0,0
BRDA:18,5,1,0
BRDA:23,6,0,0
BRDA:23,6,1,0
BRDA:23,7,0,0
BRDA:23,7,1,0
BRDA:26,8,0,0
BRDA:26,8,1,0
BRDA:28,9,0,0
BRDA:28,9,1,0
BRDA:33,10,0,0
BRDA:33,10,1,0
BRF:20
BRH:0
end_of_record
TN:
SF:/Users/mjoubert/red_tetris/src/server/controllers/index.js
FNF:0
FNH:0
LF:0
LH:0
BRF:0
BRH:0
end_of_record
TN:
SF:/Users/mjoubert/red_tetris/src/server/controllers/level.js
FN:1,level
FN:2,(anonymous_2)
FNF:2
FNH:0
FNDA:0,level
FNDA:0,(anonymous_2)
DA:3,0
DA:4,0
DA:5,0
DA:7,0
LF:4
LH:0
BRDA:3,1,0,0
BRDA:3,1,1,0
BRDA:4,2,0,0
BRDA:4,2,1,0
BRDA:5,3,0,0
BRDA:5,3,1,0
BRDA:7,4,0,0
BRDA:7,4,1,0
BRF:8
BRH:0
end_of_record
TN:
SF:/Users/mjoubert/red_tetris/src/server/controllers/newPlayer.js
FN:3,newPlayer
FN:22,(anonymous_3)
FNF:2
FNH:0
FNDA:0,newPlayer
FNDA:0,(anonymous_3)
DA:5,0
DA:6,0
DA:7,0
DA:12,0
DA:23,0
DA:24,0
DA:27,0
DA:28,0
DA:29,0
LF:9
LH:0
BRDA:5,1,0,0
BRDA:5,1,1,0
BRDA:6,2,0,0
BRDA:6,2,1,0
BRDA:7,3,0,0
BRDA:7,3,1,0
BRDA:23,4,0,0
BRDA:23,4,1,0
BRDA:24,5,0,0
BRDA:24,5,1,0
BRDA:27,6,0,0
BRDA:27,6,1,0
BRDA:28,7,0,0
BRDA:28,7,1,0
BRDA:29,8,0,0
BRDA:29,8,1,0
BRDA:29,9,0,0
BRDA:29,9,1,0
BRF:18
BRH:0
end_of_record
TN:
SF:/Users/mjoubert/red_tetris/src/server/controllers/newShapes.js
FN:3,newShapes
FN:6,(anonymous_2)
FN:8,(anonymous_3)
FNF:3
FNH:0
FNDA:0,newShapes
FNDA:0,(anonymous_2)
FNDA:0,(anonymous_3)
DA:7,0
DA:9,0
DA:10,0
DA:11,0
DA:13,0
LF:5
LH:0
BRDA:7,1,0,0
BRDA:7,1,1,0
BRDA:9,2,0,0
BRDA:9,2,1,0
BRDA:10,3,0,0
BRDA:10,3,1,0
BRDA:11,4,0,0
BRDA:11,4,1,0
BRDA:11,5,0,0
BRDA:11,5,1,0
BRDA:22,6,0,0
BRDA:22,6,1,0
BRDA:27,7,0,0
BRDA:27,7,1,0
BRF:14
BRH:0
end_of_record
TN:
SF:/Users/mjoubert/red_tetris/src/server/controllers/restart.js
FN:3,restart
FN:4,(anonymous_2)
FN:7,(anonymous_3)
FNF:3
FNH:0
FNDA:0,restart
FNDA:0,(anonymous_2)
FNDA:0,(anonymous_3)
DA:5,0
DA:6,0
DA:13,0
LF:3
LH:0
BRDA:5,1,0,0
BRDA:5,1,1,0
BRDA:6,2,0,0
BRDA:6,2,1,0
BRDA:6,3,0,0
BRDA:6,3,1,0
BRF:6
BRH:0
end_of_record
TN:
SF:/Users/mjoubert/red_tetris/src/server/controllers/score.js
FN:1,score
FN:2,(anonymous_2)
FN:4,(anonymous_3)
FNF:3
FNH:0
FNDA:0,score
FNDA:0,(anonymous_2)
FNDA:0,(anonymous_3)
DA:3,0
DA:5,0
LF:2
LH:0
BRDA:3,1,0,0
BRDA:3,1,1,0
BRDA:5,2,0,0
BRDA:5,2,1,0
BRF:4
BRH:0
end_of_record
TN:
SF:/Users/mjoubert/red_tetris/src/server/controllers/startGame.js
FN:1,startGame
FN:2,(anonymous_2)
FNF:2
FNH:0
FNDA:0,startGame
FNDA:0,(anonymous_2)
DA:3,0
DA:4,0
LF:2
LH:0
BRDA:3,1,0,0
BRDA:3,1,1,0
BRDA:4,2,0,0
BRDA:4,2,1,0
BRDA:4,3,0,0
BRDA:4,3,1,0
BRF:6
BRH:0
end_of_record
TN:
SF:/Users/mjoubert/red_tetris/src/server/index.js
FNF:0
FNH:0
LF:0
LH:0
BRF:0
BRH:0
end_of_record
TN:
SF:/Users/mjoubert/red_tetris/src/server/main.js
FN:14,(anonymous_1)
FN:20,(anonymous_2)
FN:28,(anonymous_3)
FN:36,(anonymous_4)
FN:39,(anonymous_5)
FN:42,(anonymous_6)
FN:45,(anonymous_7)
FNF:7
FNH:0
FNDA:0,(anonymous_1)
FNDA:0,(anonymous_2)
FNDA:0,(anonymous_3)
FNDA:0,(anonymous_4)
FNDA:0,(anonymous_5)
FNDA:0,(anonymous_6)
FNDA:0,(anonymous_7)
DA:15,0
DA:30,0
LF:2
LH:0
BRDA:15,1,0,0
BRDA:15,1,1,0
BRDA:21,2,0,0
BRDA:21,2,1,0
BRDA:30,3,0,0
BRDA:30,3,1,0
BRDA:33,4,0,0
BRDA:33,4,1,0
BRDA:47,5,0,0
BRDA:47,5,1,0
BRDA:47,5,2,0
BRDA:47,5,3,0
BRDA:47,5,4,0
BRF:13
BRH:0
end_of_record
TN:
SF:/Users/mjoubert/red_tetris/src/server/models/game.js
FN:2,Game
FNF:1
FNH:0
FNDA:0,Game
LF:0
LH:0
BRF:0
BRH:0
end_of_record
TN:
SF:/Users/mjoubert/red_tetris/src/server/models/index.js
FNF:0
FNH:0
LF:0
LH:0
BRF:0
BRH:0
end_of_record
TN:
SF:/Users/mjoubert/red_tetris/src/server/models/player.js
FN:2,Player
FNF:1
FNH:0
FNDA:0,Player
LF:0
LH:0
BRF:0
BRH:0
end_of_record
TN:
SF:/Users/mjoubert/red_tetris/src/server/models/tetriminos.js
FN:2,Tetriminos
FNF:1
FNH:0
FNDA:0,Tetriminos
DA:2,1
LF:1
LH:1
BRF:0
BRH:0
end_of_record
TN:
SF:/Users/mjoubert/red_tetris/src/client/components/AsideRight.js
FN:56,AsideRight
FNF:1
FNH:0
FNDA:0,AsideRight
LF:0
LH:0
BRDA:60,1,0,0
BRDA:60,1,1,0
BRDA:71,2,0,0
BRDA:68,3,0,0
BRDA:68,3,1,0
BRDA:68,3,2,0
BRF:6
BRH:0
end_of_record
